# Logfile created on 2019-12-27 13:02:58 +0500 by logger.rb/61378
2019-12-27T08:03:01.485Z 78847 TID-owuld3bgv INFO: Booting Sidekiq 5.2.7 with redis options {:id=>"Sidekiq-server-PID-78847", :url=>nil}
2019-12-27T08:03:01.535Z 78847 TID-owuld3bgv INFO: Cron Jobs - add job with name: my_first_job
2019-12-27T08:03:01.912Z 78847 TID-owuld3bgv INFO: Running in ruby 2.5.1p57 (2018-03-29 revision 63029) [x86_64-darwin16]
2019-12-27T08:03:01.912Z 78847 TID-owuld3bgv INFO: See LICENSE and the LGPL-3.0 for licensing details.
2019-12-27T08:03:01.913Z 78847 TID-owuld3bgv INFO: Upgrade to Sidekiq Pro for more features and support: http://sidekiq.org
2019-12-27T08:03:18.807Z 79058 TID-oxy3n9ype INFO: Booting Sidekiq 5.2.7 with redis options {:id=>"Sidekiq-server-PID-79058", :url=>nil}
2019-12-27T08:03:18.821Z 79058 TID-oxy3n9ype INFO: Cron Jobs - add job with name: my_first_job
2019-12-27T08:03:19.089Z 79058 TID-oxy3n9ype INFO: Running in ruby 2.5.1p57 (2018-03-29 revision 63029) [x86_64-darwin16]
2019-12-27T08:03:19.089Z 79058 TID-oxy3n9ype INFO: See LICENSE and the LGPL-3.0 for licensing details.
2019-12-27T08:03:19.089Z 79058 TID-oxy3n9ype INFO: Upgrade to Sidekiq Pro for more features and support: http://sidekiq.org
2019-12-27T08:03:51.004Z 79315 TID-ovufuhx3n INFO: Booting Sidekiq 5.2.7 with redis options {:id=>"Sidekiq-server-PID-79315", :url=>nil}
2019-12-27T08:03:51.018Z 79315 TID-ovufuhx3n INFO: Cron Jobs - add job with name: my_first_job
2019-12-27T08:03:51.300Z 79315 TID-ovufuhx3n INFO: Running in ruby 2.5.1p57 (2018-03-29 revision 63029) [x86_64-darwin16]
2019-12-27T08:03:51.300Z 79315 TID-ovufuhx3n INFO: See LICENSE and the LGPL-3.0 for licensing details.
2019-12-27T08:03:51.300Z 79315 TID-ovufuhx3n INFO: Upgrade to Sidekiq Pro for more features and support: http://sidekiq.org
2019-12-27T08:04:05.277Z 79315 TID-ovugtyytf HardWorker JID-15a5581cb977b2456836d4d5 INFO: start
"Hello World!"
2019-12-27T08:04:05.365Z 79315 TID-ovugtyytf HardWorker JID-15a5581cb977b2456836d4d5 INFO: done: 0.089 sec
2019-12-27T08:05:32.340Z 80095 TID-oxafyw9mv INFO: Booting Sidekiq 5.2.7 with redis options {:id=>"Sidekiq-server-PID-80095", :url=>nil}
2019-12-27T08:05:32.369Z 80095 TID-oxafyw9mv INFO: Cron Jobs - add job with name: my_first_job
2019-12-27T08:05:32.739Z 80095 TID-oxafyw9mv INFO: Running in ruby 2.5.1p57 (2018-03-29 revision 63029) [x86_64-darwin16]
2019-12-27T08:05:32.739Z 80095 TID-oxafyw9mv INFO: See LICENSE and the LGPL-3.0 for licensing details.
2019-12-27T08:05:32.739Z 80095 TID-oxafyw9mv INFO: Upgrade to Sidekiq Pro for more features and support: http://sidekiq.org
2019-12-27T08:05:46.508Z 80095 TID-oxagyn7mv HardWorker JID-8c443bb2afd4704c68e4b77f INFO: start
"Hello World!"
2019-12-27T08:05:46.568Z 80095 TID-oxagyn7mv HardWorker JID-8c443bb2afd4704c68e4b77f INFO: done: 0.061 sec
2019-12-27T08:06:00.059Z 80362 TID-owm0w4p2y INFO: Booting Sidekiq 5.2.7 with redis options {:id=>"Sidekiq-server-PID-80362", :url=>nil}
2019-12-27T08:06:00.075Z 80362 TID-owm0w4p2y INFO: Cron Jobs - add job with name: my_first_job
2019-12-27T08:06:00.348Z 80362 TID-owm0w4p2y INFO: Running in ruby 2.5.1p57 (2018-03-29 revision 63029) [x86_64-darwin16]
2019-12-27T08:06:00.348Z 80362 TID-owm0w4p2y INFO: See LICENSE and the LGPL-3.0 for licensing details.
2019-12-27T08:06:00.348Z 80362 TID-owm0w4p2y INFO: Upgrade to Sidekiq Pro for more features and support: http://sidekiq.org
2019-12-27T08:06:12.671Z 80362 TID-owm1ovvfy HardWorker JID-c7a7040d18ed87e29573b68a INFO: start
"Hello World!"
2019-12-27T08:06:12.710Z 80362 TID-owm1ovvfy HardWorker JID-c7a7040d18ed87e29573b68a INFO: done: 0.04 sec
2019-12-27T08:07:34.186Z 80362 TID-owm1ovt16 HardWorker JID-2a85e0e601eb591607ef2079 INFO: start
"Hello World!"
2019-12-27T08:07:34.199Z 80362 TID-owm1ovt16 HardWorker JID-2a85e0e601eb591607ef2079 INFO: done: 0.013 sec
2019-12-27T08:08:12.227Z 80362 TID-owm1ovvfy HardWorker JID-5a4cf6eb7c568d6b3ae83c33 INFO: start
"Hello World!"
2019-12-27T08:08:12.231Z 80362 TID-owm1ovvfy HardWorker JID-5a4cf6eb7c568d6b3ae83c33 INFO: done: 0.004 sec
2019-12-27T08:09:19.169Z 80362 TID-owm1ovun6 HardWorker JID-bc8554e70c3afad80cd7b403 INFO: start
"Hello World!"
2019-12-27T08:09:19.172Z 80362 TID-owm1ovun6 HardWorker JID-bc8554e70c3afad80cd7b403 INFO: done: 0.004 sec
2019-12-27T08:10:03.056Z 80362 TID-owm1ovt7i HardWorker JID-7b9fae8dadc94b9cb508da86 INFO: start
"Hello World!"
2019-12-27T08:10:03.066Z 80362 TID-owm1ovt7i HardWorker JID-7b9fae8dadc94b9cb508da86 INFO: done: 0.011 sec
2019-12-27T08:11:18.056Z 80362 TID-owm1ovvx2 HardWorker JID-d66d50393537ba95fa39c397 INFO: start
"Hello World!"
2019-12-27T08:11:18.060Z 80362 TID-owm1ovvx2 HardWorker JID-d66d50393537ba95fa39c397 INFO: done: 0.003 sec
2019-12-27T08:12:02.834Z 80362 TID-owm1ovt16 HardWorker JID-db9836d2ad59f126a816319d INFO: start
"Hello World!"
2019-12-27T08:12:02.838Z 80362 TID-owm1ovt16 HardWorker JID-db9836d2ad59f126a816319d INFO: done: 0.004 sec
2019-12-27T08:13:02.613Z 80362 TID-owm1ovvqq HardWorker JID-5a997ea860c0482a66fce7bb INFO: start
"Hello World!"
2019-12-27T08:13:02.617Z 80362 TID-owm1ovvqq HardWorker JID-5a997ea860c0482a66fce7bb INFO: done: 0.003 sec
2019-12-27T08:14:08.434Z 80362 TID-owm1ovv7u HardWorker JID-c5198c1bbc2212af82c1972f INFO: start
"Hello World!"
2019-12-27T08:14:08.437Z 80362 TID-owm1ovv7u HardWorker JID-c5198c1bbc2212af82c1972f INFO: done: 0.003 sec
2019-12-27T08:15:32.721Z 80362 TID-owm1ovvlu HardWorker JID-3fb842cf507c04ed8805f875 INFO: start
"Hello World!"
2019-12-27T08:15:32.724Z 80362 TID-owm1ovvlu HardWorker JID-3fb842cf507c04ed8805f875 INFO: done: 0.004 sec
2019-12-27T08:16:02.894Z 80362 TID-owm1ovvlu HardWorker JID-d091e21a3798c61d11170c12 INFO: start
"Hello World!"
2019-12-27T08:16:02.897Z 80362 TID-owm1ovvlu HardWorker JID-d091e21a3798c61d11170c12 INFO: done: 0.003 sec
2019-12-27T08:17:33.083Z 80362 TID-owm1ovt7i HardWorker JID-12d4014b45f05dfe0d653ef6 INFO: start
"Hello World!"
2019-12-27T08:17:33.095Z 80362 TID-owm1ovt7i HardWorker JID-12d4014b45f05dfe0d653ef6 INFO: done: 0.011 sec
2019-12-27T08:18:15.851Z 80362 TID-owm1ovun6 HardWorker JID-1c83225be4aae0efb6749cb4 INFO: start
"Hello World!"
2019-12-27T08:18:15.854Z 80362 TID-owm1ovun6 HardWorker JID-1c83225be4aae0efb6749cb4 INFO: done: 0.003 sec
2019-12-27T08:19:30.760Z 80362 TID-owm1ovvx2 HardWorker JID-f3bd9e616683bbf287face48 INFO: start
"Hello World!"
2019-12-27T08:19:40.982Z 80362 TID-owm1ovvx2 HardWorker JID-f3bd9e616683bbf287face48 INFO: done: 10.222 sec
2019-12-27T08:20:03.001Z 80362 TID-owm1ovvqq HardWorker JID-11c456d98e03bbc113744142 INFO: start
"Hello World!"
2019-12-27T08:20:03.011Z 80362 TID-owm1ovvqq HardWorker JID-11c456d98e03bbc113744142 INFO: done: 0.01 sec
2019-12-27T08:21:06.442Z 80362 TID-owm1ovv7u HardWorker JID-692f2e7e42e7dee96441b7df INFO: start
"Hello World!"
2019-12-27T08:21:06.445Z 80362 TID-owm1ovv7u HardWorker JID-692f2e7e42e7dee96441b7df INFO: done: 0.003 sec
2019-12-27T08:22:29.510Z 80362 TID-owm1ovv22 HardWorker JID-f34c552dc0d468d5e7293d49 INFO: start
"Hello World!"
2019-12-27T08:22:29.522Z 80362 TID-owm1ovv22 HardWorker JID-f34c552dc0d468d5e7293d49 INFO: done: 0.011 sec
2019-12-27T08:23:43.547Z 80362 TID-owm1ovun6 HardWorker JID-498f6e5a5c5a5da61222f7a1 INFO: start
"Hello World!"
2019-12-27T08:23:43.551Z 80362 TID-owm1ovun6 HardWorker JID-498f6e5a5c5a5da61222f7a1 INFO: done: 0.003 sec
2019-12-27T08:24:27.334Z 80362 TID-owm1ovvqq HardWorker JID-f6d12533f5928ed9c3b2f5b9 INFO: start
"Hello World!"
2019-12-27T08:24:27.335Z 80362 TID-owm1ovvqq HardWorker JID-f6d12533f5928ed9c3b2f5b9 INFO: done: 0.002 sec
2019-12-27T08:25:31.065Z 80362 TID-owm1ovvfy HardWorker JID-af640e765c252f34be96d249 INFO: start
"Hello World!"
2019-12-27T08:25:31.068Z 80362 TID-owm1ovvfy HardWorker JID-af640e765c252f34be96d249 INFO: done: 0.003 sec
2019-12-27T08:26:08.991Z 80362 TID-owm1ovvfy HardWorker JID-6dbf0bf1bb4130d5313818ea INFO: start
"Hello World!"
2019-12-27T08:26:08.994Z 80362 TID-owm1ovvfy HardWorker JID-6dbf0bf1bb4130d5313818ea INFO: done: 0.003 sec
2019-12-27T08:27:08.915Z 80362 TID-owm1ovvlu HardWorker JID-9fe1885a0a114f4288403dfb INFO: start
"Hello World!"
2019-12-27T08:27:08.926Z 80362 TID-owm1ovvlu HardWorker JID-9fe1885a0a114f4288403dfb INFO: done: 0.011 sec
2019-12-27T08:28:09.702Z 80362 TID-owm1ovvlu HardWorker JID-304faa7ac566d97bd62ba4e7 INFO: start
"Hello World!"
2019-12-27T08:28:09.706Z 80362 TID-owm1ovvlu HardWorker JID-304faa7ac566d97bd62ba4e7 INFO: done: 0.003 sec
2019-12-27T08:29:32.051Z 80362 TID-owm1ovt7i HardWorker JID-2035a09d4c10271097fcf3a3 INFO: start
"Hello World!"
2019-12-27T08:29:32.055Z 80362 TID-owm1ovt7i HardWorker JID-2035a09d4c10271097fcf3a3 INFO: done: 0.003 sec
2019-12-27T08:30:22.479Z 80362 TID-owm1ovt7i HardWorker JID-cb7527fdec04266b0524111f INFO: start
"Hello World!"
2019-12-27T08:30:22.482Z 80362 TID-owm1ovt7i HardWorker JID-cb7527fdec04266b0524111f INFO: done: 0.003 sec
2019-12-27T08:31:04.564Z 80362 TID-owm1ovt7i HardWorker JID-78dbe476953a331e80a20034 INFO: start
"Hello World!"
2019-12-27T08:31:04.567Z 80362 TID-owm1ovt7i HardWorker JID-78dbe476953a331e80a20034 INFO: done: 0.003 sec
2019-12-27T08:32:08.710Z 80362 TID-owm1ovun6 HardWorker JID-891d6a3f1fe47efd01d9097c INFO: start
"Hello World!"
2019-12-27T08:32:08.720Z 80362 TID-owm1ovun6 HardWorker JID-891d6a3f1fe47efd01d9097c INFO: done: 0.01 sec
2019-12-27T08:33:14.621Z 80362 TID-owm1ovvlu HardWorker JID-3d4013ad56d7327a904a0f52 INFO: start
"Hello World!"
2019-12-27T08:33:14.624Z 80362 TID-owm1ovvlu HardWorker JID-3d4013ad56d7327a904a0f52 INFO: done: 0.003 sec
2019-12-27T08:34:38.841Z 80362 TID-owm1ovvfy HardWorker JID-a6ba4ad961515336d8919705 INFO: start
"Hello World!"
2019-12-27T08:34:38.846Z 80362 TID-owm1ovvfy HardWorker JID-a6ba4ad961515336d8919705 INFO: done: 0.005 sec
2019-12-27T08:35:04.666Z 80362 TID-owm1ovvx2 HardWorker JID-cbef5de5b70bafbd68b60d91 INFO: start
"Hello World!"
2019-12-27T08:35:04.669Z 80362 TID-owm1ovvx2 HardWorker JID-cbef5de5b70bafbd68b60d91 INFO: done: 0.003 sec
2019-12-27T08:36:13.004Z 80362 TID-owm1ovv7u HardWorker JID-11fff36f0c924c7705ba7c93 INFO: start
"Hello World!"
2019-12-27T08:36:13.007Z 80362 TID-owm1ovv7u HardWorker JID-11fff36f0c924c7705ba7c93 INFO: done: 0.003 sec
2019-12-27T08:37:15.161Z 80362 TID-owm1ovt7i HardWorker JID-c64c785e419429aa6246ee6b INFO: start
"Hello World!"
2019-12-27T08:37:15.165Z 80362 TID-owm1ovt7i HardWorker JID-c64c785e419429aa6246ee6b INFO: done: 0.003 sec
2019-12-27T08:38:27.320Z 80362 TID-owm1ovvfy HardWorker JID-b44c7a1dbfc37c6beb26cc1b INFO: start
"Hello World!"
2019-12-27T08:38:27.323Z 80362 TID-owm1ovvfy HardWorker JID-b44c7a1dbfc37c6beb26cc1b INFO: done: 0.003 sec
2019-12-27T08:39:39.775Z 80362 TID-owm1ovv22 HardWorker JID-e893691d20e618abf1c7d8c8 INFO: start
"Hello World!"
2019-12-27T08:39:39.786Z 80362 TID-owm1ovv22 HardWorker JID-e893691d20e618abf1c7d8c8 INFO: done: 0.011 sec
2019-12-27T08:40:23.584Z 80362 TID-owm1ovv9m HardWorker JID-63d74f3a9f88f9b4483f9df5 INFO: start
"Hello World!"
2019-12-27T08:40:23.588Z 80362 TID-owm1ovv9m HardWorker JID-63d74f3a9f88f9b4483f9df5 INFO: done: 0.003 sec
2019-12-27T08:41:30.259Z 80362 TID-owm1ovt7i HardWorker JID-02c4ae087b1151782172cd77 INFO: start
"Hello World!"
2019-12-27T08:41:30.262Z 80362 TID-owm1ovt7i HardWorker JID-02c4ae087b1151782172cd77 INFO: done: 0.003 sec
2019-12-27T08:42:21.720Z 80362 TID-owm1ovvx2 HardWorker JID-2d753f2bd2466a3b4ea97f52 INFO: start
"Hello World!"
2019-12-27T08:42:21.730Z 80362 TID-owm1ovvx2 HardWorker JID-2d753f2bd2466a3b4ea97f52 INFO: done: 0.01 sec
2019-12-27T08:43:39.328Z 80362 TID-owm1ovvlu HardWorker JID-75c0b5e4cf63874cb32ec903 INFO: start
"Hello World!"
2019-12-27T08:43:39.339Z 80362 TID-owm1ovvlu HardWorker JID-75c0b5e4cf63874cb32ec903 INFO: done: 0.011 sec
2019-12-27T08:44:12.671Z 80362 TID-owm1ovt16 HardWorker JID-0aef0b537076faad9362f31d INFO: start
"Hello World!"
2019-12-27T08:44:12.675Z 80362 TID-owm1ovt16 HardWorker JID-0aef0b537076faad9362f31d INFO: done: 0.003 sec
2019-12-27T08:45:11.223Z 80362 TID-owm1ovvqq HardWorker JID-8338e1437b95cd42ddea9fc8 INFO: start
"Hello World!"
2019-12-27T08:45:11.227Z 80362 TID-owm1ovvqq HardWorker JID-8338e1437b95cd42ddea9fc8 INFO: done: 0.003 sec
2019-12-27T08:46:14.590Z 80362 TID-owm1ovvfy HardWorker JID-cfb120a6e8e6f18ff23d2768 INFO: start
"Hello World!"
2019-12-27T08:46:14.593Z 80362 TID-owm1ovvfy HardWorker JID-cfb120a6e8e6f18ff23d2768 INFO: done: 0.003 sec
2019-12-27T08:47:09.093Z 80362 TID-owm1ovt7i HardWorker JID-f86d37c5b249ad2c938d76e7 INFO: start
"Hello World!"
2019-12-27T08:47:09.103Z 80362 TID-owm1ovt7i HardWorker JID-f86d37c5b249ad2c938d76e7 INFO: done: 0.01 sec
2019-12-27T08:48:15.284Z 80362 TID-owm1ovvqq HardWorker JID-e6ecb62d765fd52bd68639e2 INFO: start
"Hello World!"
2019-12-27T08:48:15.296Z 80362 TID-owm1ovvqq HardWorker JID-e6ecb62d765fd52bd68639e2 INFO: done: 0.012 sec
2019-12-27T08:49:19.917Z 80362 TID-owm1ovv22 HardWorker JID-ad00c4fb07836a694425caaf INFO: start
"Hello World!"
2019-12-27T08:49:19.920Z 80362 TID-owm1ovv22 HardWorker JID-ad00c4fb07836a694425caaf INFO: done: 0.003 sec
2019-12-27T08:50:23.113Z 80362 TID-owm1ovv22 HardWorker JID-106d1691b698093c9072db4b INFO: start
"Hello World!"
2019-12-27T08:50:23.117Z 80362 TID-owm1ovv22 HardWorker JID-106d1691b698093c9072db4b INFO: done: 0.004 sec
2019-12-27T08:51:15.408Z 80362 TID-owm1ovvfy HardWorker JID-48b6f00e31a84cf15934e14f INFO: start
"Hello World!"
2019-12-27T08:51:15.419Z 80362 TID-owm1ovvfy HardWorker JID-48b6f00e31a84cf15934e14f INFO: done: 0.011 sec
2019-12-27T08:52:40.104Z 80362 TID-owm1ovvfy HardWorker JID-0cca0b5e29ade0ff1b3135a2 INFO: start
"Hello World!"
2019-12-27T08:52:40.108Z 80362 TID-owm1ovvfy HardWorker JID-0cca0b5e29ade0ff1b3135a2 INFO: done: 0.004 sec
2019-12-27T08:53:03.852Z 80362 TID-owm1ovv9m HardWorker JID-188854a49fe5d16431cafab7 INFO: start
"Hello World!"
2019-12-27T08:53:03.854Z 80362 TID-owm1ovv9m HardWorker JID-188854a49fe5d16431cafab7 INFO: done: 0.002 sec
2019-12-27T08:54:20.598Z 80362 TID-owm1ovvx2 HardWorker JID-bad3560fd442ae008fad0ccc INFO: start
"Hello World!"
2019-12-27T08:54:20.601Z 80362 TID-owm1ovvx2 HardWorker JID-bad3560fd442ae008fad0ccc INFO: done: 0.003 sec
2019-12-27T08:55:21.528Z 80362 TID-owm1ovv7u HardWorker JID-a4b627160e3e8470591ff0a4 INFO: start
"Hello World!"
2019-12-27T08:55:21.531Z 80362 TID-owm1ovv7u HardWorker JID-a4b627160e3e8470591ff0a4 INFO: done: 0.003 sec
2019-12-27T08:56:09.494Z 80362 TID-owm1ovun6 HardWorker JID-7a4f6a19198abb79e6927bfc INFO: start
"Hello World!"
2019-12-27T08:56:09.497Z 80362 TID-owm1ovun6 HardWorker JID-7a4f6a19198abb79e6927bfc INFO: done: 0.003 sec
2019-12-27T08:57:09.001Z 80362 TID-owm1ovv7u HardWorker JID-7051b50df02d8af7a9159c9e INFO: start
"Hello World!"
2019-12-27T08:57:09.005Z 80362 TID-owm1ovv7u HardWorker JID-7051b50df02d8af7a9159c9e INFO: done: 0.003 sec
2019-12-27T08:58:08.961Z 80362 TID-owm1ovv9m HardWorker JID-183bd485623dbb790054273e INFO: start
"Hello World!"
2019-12-27T08:58:08.971Z 80362 TID-owm1ovv9m HardWorker JID-183bd485623dbb790054273e INFO: done: 0.01 sec
2019-12-27T08:59:11.955Z 80362 TID-owm1ovun6 HardWorker JID-9c1c09efe094eafddf62faea INFO: start
"Hello World!"
2019-12-27T08:59:11.965Z 80362 TID-owm1ovun6 HardWorker JID-9c1c09efe094eafddf62faea INFO: done: 0.01 sec
2019-12-27T09:00:28.386Z 80362 TID-owm1ovv9m HardWorker JID-e02d62471d9b7c0dff9cda16 INFO: start
"Hello World!"
2019-12-27T09:00:28.389Z 80362 TID-owm1ovv9m HardWorker JID-e02d62471d9b7c0dff9cda16 INFO: done: 0.003 sec
2019-12-27T09:01:09.928Z 80362 TID-owm1ovun6 HardWorker JID-816baa439db7b84704e19394 INFO: start
"Hello World!"
2019-12-27T09:01:09.931Z 80362 TID-owm1ovun6 HardWorker JID-816baa439db7b84704e19394 INFO: done: 0.002 sec
2019-12-27T09:02:18.461Z 80362 TID-owm1ovvx2 HardWorker JID-03e9fa9d57a1b901edfb4600 INFO: start
"Hello World!"
2019-12-27T09:02:18.472Z 80362 TID-owm1ovvx2 HardWorker JID-03e9fa9d57a1b901edfb4600 INFO: done: 0.011 sec
2019-12-27T09:03:16.409Z 80362 TID-owm1ovt16 HardWorker JID-15a3e0150d6d69f693a6cbe3 INFO: start
"Hello World!"
2019-12-27T09:03:16.413Z 80362 TID-owm1ovt16 HardWorker JID-15a3e0150d6d69f693a6cbe3 INFO: done: 0.004 sec
2019-12-27T09:04:21.480Z 80362 TID-owm1ovt16 HardWorker JID-dae3b81b2a0bf09de421f5e5 INFO: start
"Hello World!"
2019-12-27T09:04:21.492Z 80362 TID-owm1ovt16 HardWorker JID-dae3b81b2a0bf09de421f5e5 INFO: done: 0.012 sec
2019-12-27T09:05:21.323Z 80362 TID-owm1ovvqq HardWorker JID-49cddb5c611ac95e380eecf4 INFO: start
"Hello World!"
2019-12-27T09:05:21.326Z 80362 TID-owm1ovvqq HardWorker JID-49cddb5c611ac95e380eecf4 INFO: done: 0.003 sec
2019-12-27T09:06:15.090Z 80362 TID-owm1ovv7u HardWorker JID-07a7bd2cce44fd80917bc23d INFO: start
"Hello World!"
2019-12-27T09:06:15.093Z 80362 TID-owm1ovv7u HardWorker JID-07a7bd2cce44fd80917bc23d INFO: done: 0.003 sec
2019-12-27T09:07:24.448Z 80362 TID-owm1ovv22 HardWorker JID-2ebea4eed9325711ae2a6974 INFO: start
"Hello World!"
2019-12-27T09:07:24.451Z 80362 TID-owm1ovv22 HardWorker JID-2ebea4eed9325711ae2a6974 INFO: done: 0.003 sec
2019-12-27T09:08:21.649Z 80362 TID-owm1ovvqq HardWorker JID-66ba6a1a9ff25619d1fb7e39 INFO: start
"Hello World!"
2019-12-27T09:08:21.652Z 80362 TID-owm1ovvqq HardWorker JID-66ba6a1a9ff25619d1fb7e39 INFO: done: 0.003 sec
2019-12-27T09:09:18.482Z 80362 TID-owm1ovt16 HardWorker JID-a45716d4558c519fb35adde0 INFO: start
"Hello World!"
2019-12-27T09:09:18.485Z 80362 TID-owm1ovt16 HardWorker JID-a45716d4558c519fb35adde0 INFO: done: 0.003 sec
2019-12-27T09:10:21.452Z 80362 TID-owm1ovv9m HardWorker JID-9b1464a16105c3ddbd4f0a30 INFO: start
"Hello World!"
2019-12-27T09:10:21.456Z 80362 TID-owm1ovv9m HardWorker JID-9b1464a16105c3ddbd4f0a30 INFO: done: 0.003 sec
2019-12-27T09:11:30.062Z 80362 TID-owm1ovvqq HardWorker JID-0312b0fccc3cc8c6bf862ef6 INFO: start
"Hello World!"
2019-12-27T09:11:30.066Z 80362 TID-owm1ovvqq HardWorker JID-0312b0fccc3cc8c6bf862ef6 INFO: done: 0.003 sec
2019-12-27T09:12:05.966Z 80362 TID-owm1ovt16 HardWorker JID-2cbf5e1bb01748cba3cdd840 INFO: start
"Hello World!"
2019-12-27T09:12:05.969Z 80362 TID-owm1ovt16 HardWorker JID-2cbf5e1bb01748cba3cdd840 INFO: done: 0.003 sec
2019-12-27T09:13:11.130Z 80362 TID-owm1ovv9m HardWorker JID-a65b7400daf1a4b616df6acc INFO: start
"Hello World!"
2019-12-27T09:13:11.133Z 80362 TID-owm1ovv9m HardWorker JID-a65b7400daf1a4b616df6acc INFO: done: 0.003 sec
2019-12-27T09:14:37.193Z 80362 TID-owm1ovt16 HardWorker JID-850e96b05f40783dcf5edba3 INFO: start
"Hello World!"
2019-12-27T09:14:37.204Z 80362 TID-owm1ovt16 HardWorker JID-850e96b05f40783dcf5edba3 INFO: done: 0.011 sec
2019-12-27T09:15:20.466Z 80362 TID-owm1ovvqq HardWorker JID-cb1fadfddc0c1d4b2fb9943e INFO: start
"Hello World!"
2019-12-27T09:15:20.476Z 80362 TID-owm1ovvqq HardWorker JID-cb1fadfddc0c1d4b2fb9943e INFO: done: 0.01 sec
2019-12-27T09:16:36.298Z 80362 TID-owm1ovun6 HardWorker JID-652887bce6540305853b05bc INFO: start
"Hello World!"
2019-12-27T09:16:36.310Z 80362 TID-owm1ovun6 HardWorker JID-652887bce6540305853b05bc INFO: done: 0.012 sec
2019-12-27T09:17:17.801Z 80362 TID-owm1ovvx2 HardWorker JID-0391ab22403c531f477398b6 INFO: start
"Hello World!"
2019-12-27T09:17:17.811Z 80362 TID-owm1ovvx2 HardWorker JID-0391ab22403c531f477398b6 INFO: done: 0.011 sec
2019-12-27T09:18:41.781Z 80362 TID-owm1ovt7i HardWorker JID-1604a0b4737e377e7e66257d INFO: start
"Hello World!"
2019-12-27T09:18:41.783Z 80362 TID-owm1ovt7i HardWorker JID-1604a0b4737e377e7e66257d INFO: done: 0.002 sec
2019-12-27T09:19:05.912Z 80362 TID-owm1ovt7i HardWorker JID-40a2a96f19ad45925648adaf INFO: start
"Hello World!"
2019-12-27T09:19:05.916Z 80362 TID-owm1ovt7i HardWorker JID-40a2a96f19ad45925648adaf INFO: done: 0.004 sec
2019-12-27T09:20:26.906Z 80362 TID-owm1ovv7u HardWorker JID-1dbd0aa4118e6002223d403e INFO: start
"Hello World!"
2019-12-27T09:20:26.912Z 80362 TID-owm1ovv7u HardWorker JID-1dbd0aa4118e6002223d403e INFO: done: 0.006 sec
2019-12-27T09:21:16.075Z 80362 TID-owm1ovvlu HardWorker JID-684b5a7c5bdb78a2e0c15f4b INFO: start
"Hello World!"
2019-12-27T09:21:16.078Z 80362 TID-owm1ovvlu HardWorker JID-684b5a7c5bdb78a2e0c15f4b INFO: done: 0.003 sec
2019-12-27T09:22:19.764Z 80362 TID-owm1ovvx2 HardWorker JID-c507fdb7ee01cf372cb70582 INFO: start
"Hello World!"
2019-12-27T09:22:19.775Z 80362 TID-owm1ovvx2 HardWorker JID-c507fdb7ee01cf372cb70582 INFO: done: 0.012 sec
2019-12-27T09:23:19.214Z 80362 TID-owm1ovvfy HardWorker JID-46e29d2bc52cd94b604071ab INFO: start
"Hello World!"
2019-12-27T09:23:19.218Z 80362 TID-owm1ovvfy HardWorker JID-46e29d2bc52cd94b604071ab INFO: done: 0.004 sec
2019-12-27T09:24:24.299Z 80362 TID-owm1ovv9m HardWorker JID-1ba2ee023328a6c228713d98 INFO: start
"Hello World!"
2019-12-27T09:24:24.313Z 80362 TID-owm1ovv9m HardWorker JID-1ba2ee023328a6c228713d98 INFO: done: 0.013 sec
2019-12-27T09:25:01.454Z 80362 TID-owm1ovvlu HardWorker JID-9d33158ca65deaecdb11118d INFO: start
"Hello World!"
2019-12-27T09:25:01.464Z 80362 TID-owm1ovvlu HardWorker JID-9d33158ca65deaecdb11118d INFO: done: 0.011 sec
2019-12-27T09:26:12.176Z 80362 TID-owm1ovvx2 HardWorker JID-d6d637963173d80692350f46 INFO: start
"Hello World!"
2019-12-27T09:26:12.182Z 80362 TID-owm1ovvx2 HardWorker JID-d6d637963173d80692350f46 INFO: done: 0.007 sec
2019-12-27T09:27:18.759Z 80362 TID-owm1ovt16 HardWorker JID-e610a3c3c3de93ea40f49c1d INFO: start
"Hello World!"
2019-12-27T09:27:18.771Z 80362 TID-owm1ovt16 HardWorker JID-e610a3c3c3de93ea40f49c1d INFO: done: 0.012 sec
2019-12-27T09:28:02.804Z 80362 TID-owm1ovv7u HardWorker JID-5f4d342569cef6f1e792bf2f INFO: start
"Hello World!"
2019-12-27T09:28:02.816Z 80362 TID-owm1ovv7u HardWorker JID-5f4d342569cef6f1e792bf2f INFO: done: 0.012 sec
2019-12-27T09:29:39.227Z 80362 TID-owm1ovvx2 HardWorker JID-769169fb3ea3027e1b116d35 INFO: start
"Hello World!"
2019-12-27T09:29:39.450Z 80362 TID-owm1ovvx2 HardWorker JID-769169fb3ea3027e1b116d35 INFO: done: 0.223 sec
2019-12-27T09:30:32.760Z 80362 TID-owm1ovvx2 HardWorker JID-c22cd8adbd7d20cdd4d9d8e5 INFO: start
"Hello World!"
2019-12-27T09:30:32.786Z 80362 TID-owm1ovvx2 HardWorker JID-c22cd8adbd7d20cdd4d9d8e5 INFO: done: 0.025 sec
2019-12-27T09:31:09.440Z 80362 TID-owm1ovt7i HardWorker JID-ba8be74059ceac188292afa6 INFO: start
"Hello World!"
2019-12-27T09:31:09.458Z 80362 TID-owm1ovt7i HardWorker JID-ba8be74059ceac188292afa6 INFO: done: 0.017 sec
2019-12-27T09:32:06.658Z 80362 TID-owm1ovun6 HardWorker JID-db69257e8ac4521e7af9e957 INFO: start
"Hello World!"
2019-12-27T09:32:06.680Z 80362 TID-owm1ovun6 HardWorker JID-db69257e8ac4521e7af9e957 INFO: done: 0.023 sec
2019-12-27T09:33:02.053Z 80362 TID-owm1ovv7u HardWorker JID-c19e2f3536e63a527d28dc4d INFO: start
"Hello World!"
2019-12-27T09:33:02.069Z 80362 TID-owm1ovv7u HardWorker JID-c19e2f3536e63a527d28dc4d INFO: done: 0.017 sec
2019-12-27T09:34:15.705Z 80362 TID-owm1ovv9m HardWorker JID-9df4f2bacdc1e0cc95836a43 INFO: start
"Hello World!"
2019-12-27T09:34:16.224Z 80362 TID-owm1ovv9m HardWorker JID-9df4f2bacdc1e0cc95836a43 INFO: done: 0.518 sec
2019-12-27T09:35:28.146Z 80362 TID-owm1ovv22 HardWorker JID-f2733260facd7a68b6a38bd7 INFO: start
"Hello World!"
2019-12-27T09:35:28.163Z 80362 TID-owm1ovv22 HardWorker JID-f2733260facd7a68b6a38bd7 INFO: done: 0.017 sec
2019-12-27T09:36:02.390Z 80362 TID-owm1ovv7u HardWorker JID-0d51276fd0026c2d0d6a40da INFO: start
"Hello World!"
2019-12-27T09:36:02.409Z 80362 TID-owm1ovv7u HardWorker JID-0d51276fd0026c2d0d6a40da INFO: done: 0.019 sec
2019-12-27T09:37:06.671Z 80362 TID-owm1ovvqq HardWorker JID-8a64f14c334dd99a842658c5 INFO: start
"Hello World!"
2019-12-27T09:37:06.689Z 80362 TID-owm1ovvqq HardWorker JID-8a64f14c334dd99a842658c5 INFO: done: 0.017 sec
2019-12-27T09:38:07.489Z 80362 TID-owm1ovv7u HardWorker JID-4e5d4280b94b38f9529811dc INFO: start
"Hello World!"
2019-12-27T09:38:07.510Z 80362 TID-owm1ovv7u HardWorker JID-4e5d4280b94b38f9529811dc INFO: done: 0.021 sec
2019-12-27T09:39:14.448Z 80362 TID-owm1ovvx2 HardWorker JID-cfbc2aacfc0ebb285bff1ce0 INFO: start
"Hello World!"
2019-12-27T09:39:14.465Z 80362 TID-owm1ovvx2 HardWorker JID-cfbc2aacfc0ebb285bff1ce0 INFO: done: 0.017 sec
2019-12-27T09:40:15.423Z 80362 TID-owm1ovv9m HardWorker JID-d9778e9350477357dcf8d82e INFO: start
"Hello World!"
2019-12-27T09:40:15.438Z 80362 TID-owm1ovv9m HardWorker JID-d9778e9350477357dcf8d82e INFO: done: 0.015 sec
2019-12-27T09:41:40.133Z 80362 TID-owm1ovvx2 HardWorker JID-6f33437dad9ffa2db5e69886 INFO: start
"Hello World!"
2019-12-27T09:41:40.149Z 80362 TID-owm1ovvx2 HardWorker JID-6f33437dad9ffa2db5e69886 INFO: done: 0.015 sec
2019-12-27T09:42:03.030Z 80362 TID-owm1ovvlu HardWorker JID-990ecbe5ba8de3b33b4e3301 INFO: start
"Hello World!"
2019-12-27T09:42:03.038Z 80362 TID-owm1ovvlu HardWorker JID-990ecbe5ba8de3b33b4e3301 INFO: done: 0.008 sec
2019-12-27T09:43:12.229Z 80362 TID-owm1ovv22 HardWorker JID-894a790c82db1078f8fca930 INFO: start
"Hello World!"
2019-12-27T09:43:12.243Z 80362 TID-owm1ovv22 HardWorker JID-894a790c82db1078f8fca930 INFO: done: 0.014 sec
2019-12-27T09:44:08.973Z 80362 TID-owm1ovvfy HardWorker JID-b4cfe5bd6ab6bd369da359b2 INFO: start
"Hello World!"
2019-12-27T09:44:08.989Z 80362 TID-owm1ovvfy HardWorker JID-b4cfe5bd6ab6bd369da359b2 INFO: done: 0.017 sec
2019-12-27T09:45:07.079Z 80362 TID-owm1ovv7u HardWorker JID-4a1ddd7def8bd2f935ba3a5b INFO: start
"Hello World!"
2019-12-27T09:45:07.088Z 80362 TID-owm1ovv7u HardWorker JID-4a1ddd7def8bd2f935ba3a5b INFO: done: 0.009 sec
2019-12-27T09:46:10.402Z 80362 TID-owm1ovt7i HardWorker JID-5dd00c2f9e5d3bbead1cc269 INFO: start
"Hello World!"
2019-12-27T09:46:10.410Z 80362 TID-owm1ovt7i HardWorker JID-5dd00c2f9e5d3bbead1cc269 INFO: done: 0.009 sec
2019-12-27T09:47:16.748Z 80362 TID-owm1ovv9m HardWorker JID-d5b47b36c6af39bf809fab34 INFO: start
"Hello World!"
2019-12-27T09:47:16.775Z 80362 TID-owm1ovv9m HardWorker JID-d5b47b36c6af39bf809fab34 INFO: done: 0.028 sec
2019-12-27T09:48:17.484Z 80362 TID-owm1ovv7u HardWorker JID-05ad3388b0a81c9b2bdaa7bc INFO: start
"Hello World!"
2019-12-27T09:48:17.508Z 80362 TID-owm1ovv7u HardWorker JID-05ad3388b0a81c9b2bdaa7bc INFO: done: 0.024 sec
2019-12-27T09:49:17.795Z 80362 TID-owm1ovt7i HardWorker JID-c932fe8123bc045734c97fbd INFO: start
"Hello World!"
2019-12-27T09:49:17.810Z 80362 TID-owm1ovt7i HardWorker JID-c932fe8123bc045734c97fbd INFO: done: 0.014 sec
2019-12-27T09:50:08.679Z 80362 TID-owm1ovun6 HardWorker JID-c3dd71d5066251f19e41ea67 INFO: start
"Hello World!"
2019-12-27T09:50:08.688Z 80362 TID-owm1ovun6 HardWorker JID-c3dd71d5066251f19e41ea67 INFO: done: 0.009 sec
2019-12-27T09:51:14.486Z 80362 TID-owm1ovv7u HardWorker JID-7383303956e24d0437c9f39b INFO: start
"Hello World!"
2019-12-27T09:51:14.502Z 80362 TID-owm1ovv7u HardWorker JID-7383303956e24d0437c9f39b INFO: done: 0.016 sec
2019-12-27T09:52:14.437Z 80362 TID-owm1ovun6 HardWorker JID-8bc7165ad0e30f1a6c2b7529 INFO: start
"Hello World!"
2019-12-27T09:52:14.446Z 80362 TID-owm1ovun6 HardWorker JID-8bc7165ad0e30f1a6c2b7529 INFO: done: 0.009 sec
2019-12-27T09:53:12.478Z 80362 TID-owm1ovvx2 HardWorker JID-0d3e83dc095573187f11b54a INFO: start
"Hello World!"
2019-12-27T09:53:12.487Z 80362 TID-owm1ovvx2 HardWorker JID-0d3e83dc095573187f11b54a INFO: done: 0.009 sec
2019-12-27T09:54:27.827Z 80362 TID-owm1ovv22 HardWorker JID-b0a8256fb6144b8cc609840f INFO: start
"Hello World!"
2019-12-27T09:54:27.836Z 80362 TID-owm1ovv22 HardWorker JID-b0a8256fb6144b8cc609840f INFO: done: 0.009 sec
2019-12-27T09:55:04.713Z 80362 TID-owm1ovv9m HardWorker JID-695aa58fc0f5a25848586eca INFO: start
"Hello World!"
2019-12-27T09:55:04.723Z 80362 TID-owm1ovv9m HardWorker JID-695aa58fc0f5a25848586eca INFO: done: 0.01 sec
2019-12-27T09:56:21.818Z 80362 TID-owm1ovt7i HardWorker JID-b5fbc6b360a5e229401aadae INFO: start
"Hello World!"
2019-12-27T09:56:21.827Z 80362 TID-owm1ovt7i HardWorker JID-b5fbc6b360a5e229401aadae INFO: done: 0.009 sec
2019-12-27T09:57:03.481Z 80362 TID-owm1ovvx2 HardWorker JID-17ed79b1b5791ca3203a4b59 INFO: start
"Hello World!"
2019-12-27T09:57:03.490Z 80362 TID-owm1ovvx2 HardWorker JID-17ed79b1b5791ca3203a4b59 INFO: done: 0.008 sec
2019-12-27T09:58:03.790Z 80362 TID-owm1ovv7u HardWorker JID-6dd16cef8899a597ac076db7 INFO: start
"Hello World!"
2019-12-27T09:58:03.835Z 80362 TID-owm1ovv7u HardWorker JID-6dd16cef8899a597ac076db7 INFO: done: 0.045 sec
2019-12-27T09:59:02.937Z 80362 TID-owm1ovvfy HardWorker JID-315f5600ba420f058846fa6b INFO: start
"Hello World!"
2019-12-27T09:59:02.972Z 80362 TID-owm1ovvfy HardWorker JID-315f5600ba420f058846fa6b INFO: done: 0.034 sec
2019-12-27T10:00:34.851Z 80362 TID-owm1ovvqq HardWorker JID-cfed91317d768142f00d9487 INFO: start
"Hello World!"
2019-12-27T10:00:34.871Z 80362 TID-owm1ovvqq HardWorker JID-cfed91317d768142f00d9487 INFO: done: 0.02 sec
2019-12-27T10:01:17.444Z 80362 TID-owm1ovvqq HardWorker JID-4c57e59ea18d039e4847df50 INFO: start
"Hello World!"
2019-12-27T10:01:17.462Z 80362 TID-owm1ovvqq HardWorker JID-4c57e59ea18d039e4847df50 INFO: done: 0.017 sec
2019-12-27T10:02:10.092Z 80362 TID-owm1ovv22 HardWorker JID-9e38d9ff4c9cf02bc8f1cb75 INFO: start
"Hello World!"
2019-12-27T10:02:10.527Z 80362 TID-owm1ovv22 HardWorker JID-9e38d9ff4c9cf02bc8f1cb75 INFO: done: 0.436 sec
2019-12-27T10:03:07.123Z 80362 TID-owm1ovt16 HardWorker JID-b9d0652f7710763e9d8572d5 INFO: start
"Hello World!"
2019-12-27T10:03:07.147Z 80362 TID-owm1ovt16 HardWorker JID-b9d0652f7710763e9d8572d5 INFO: done: 0.024 sec
2019-12-27T10:04:08.179Z 80362 TID-owm1ovv9m HardWorker JID-07f789dd3b41b867ab035140 INFO: start
"Hello World!"
2019-12-27T10:04:08.204Z 80362 TID-owm1ovv9m HardWorker JID-07f789dd3b41b867ab035140 INFO: done: 0.025 sec
2019-12-27T10:05:19.423Z 80362 TID-owm1ovv7u HardWorker JID-25eecce9d8864465af2310d7 INFO: start
"Hello World!"
2019-12-27T10:05:19.439Z 80362 TID-owm1ovv7u HardWorker JID-25eecce9d8864465af2310d7 INFO: done: 0.016 sec
2019-12-27T10:06:16.806Z 80362 TID-owm1ovvqq HardWorker JID-bd97886d81bc848720102cbd INFO: start
"Hello World!"
2019-12-27T10:06:16.856Z 80362 TID-owm1ovvqq HardWorker JID-bd97886d81bc848720102cbd INFO: done: 0.05 sec
2019-12-27T10:07:28.153Z 80362 TID-owm1ovun6 HardWorker JID-c342cede39a37bc121b6444d INFO: start
"Hello World!"
2019-12-27T10:07:28.169Z 80362 TID-owm1ovun6 HardWorker JID-c342cede39a37bc121b6444d INFO: done: 0.016 sec
2019-12-27T10:08:12.651Z 80362 TID-owm1ovvqq HardWorker JID-5aa032e40e8a46b08f29ea22 INFO: start
"Hello World!"
2019-12-27T10:08:12.660Z 80362 TID-owm1ovvqq HardWorker JID-5aa032e40e8a46b08f29ea22 INFO: done: 0.009 sec
2019-12-27T10:09:24.584Z 80362 TID-owm1ovvlu HardWorker JID-4cd0c2c3487dcaa0c54d434a INFO: start
"Hello World!"
2019-12-27T10:09:24.592Z 80362 TID-owm1ovvlu HardWorker JID-4cd0c2c3487dcaa0c54d434a INFO: done: 0.008 sec
2019-12-27T10:10:12.934Z 80362 TID-owm1ovv7u HardWorker JID-9f535c4409143383a7d56160 INFO: start
"Hello World!"
2019-12-27T10:10:12.940Z 80362 TID-owm1ovv7u HardWorker JID-9f535c4409143383a7d56160 INFO: done: 0.007 sec
2019-12-27T10:11:02.483Z 80362 TID-owm1ovv7u HardWorker JID-3a2ceb947f3bd1ee50069331 INFO: start
"Hello World!"
2019-12-27T10:11:02.492Z 80362 TID-owm1ovv7u HardWorker JID-3a2ceb947f3bd1ee50069331 INFO: done: 0.009 sec
2019-12-27T10:12:39.447Z 80362 TID-owm1ovvlu HardWorker JID-9be8b29aaf92e4e72deabe35 INFO: start
"Hello World!"
2019-12-27T10:12:39.464Z 80362 TID-owm1ovvlu HardWorker JID-9be8b29aaf92e4e72deabe35 INFO: done: 0.017 sec
2019-12-27T10:13:19.947Z 80362 TID-owm1ovun6 HardWorker JID-c48ca6283c5db7f5c0614f98 INFO: start
"Hello World!"
2019-12-27T10:13:19.956Z 80362 TID-owm1ovun6 HardWorker JID-c48ca6283c5db7f5c0614f98 INFO: done: 0.009 sec
2019-12-27T10:14:39.400Z 80362 TID-owm1ovun6 HardWorker JID-f54f12d3d3a0c4ea9fe6aa56 INFO: start
"Hello World!"
2019-12-27T10:14:39.408Z 80362 TID-owm1ovun6 HardWorker JID-f54f12d3d3a0c4ea9fe6aa56 INFO: done: 0.008 sec
2019-12-27T10:15:06.681Z 80362 TID-owm1ovt7i HardWorker JID-ecefa6a3d4c33fc83b82e9f8 INFO: start
"Hello World!"
2019-12-27T10:15:06.690Z 80362 TID-owm1ovt7i HardWorker JID-ecefa6a3d4c33fc83b82e9f8 INFO: done: 0.009 sec
2019-12-27T10:16:29.924Z 80362 TID-owm1ovvlu HardWorker JID-648a433fb19736343bfb431e INFO: start
"Hello World!"
2019-12-27T10:16:29.934Z 80362 TID-owm1ovvlu HardWorker JID-648a433fb19736343bfb431e INFO: done: 0.01 sec
2019-12-27T10:17:12.609Z 80362 TID-owm1ovvx2 HardWorker JID-bf0d38657eab8d0efcb8e809 INFO: start
"Hello World!"
2019-12-27T10:17:12.624Z 80362 TID-owm1ovvx2 HardWorker JID-bf0d38657eab8d0efcb8e809 INFO: done: 0.015 sec
2019-12-27T10:18:20.574Z 80362 TID-owm1ovt7i HardWorker JID-b7a0d4457fcc308bab392ec4 INFO: start
"Hello World!"
2019-12-27T10:18:20.590Z 80362 TID-owm1ovt7i HardWorker JID-b7a0d4457fcc308bab392ec4 INFO: done: 0.016 sec
2019-12-27T10:19:24.295Z 80362 TID-owm1ovun6 HardWorker JID-417590bed076c9fca35c0cd3 INFO: start
"Hello World!"
2019-12-27T10:19:24.311Z 80362 TID-owm1ovun6 HardWorker JID-417590bed076c9fca35c0cd3 INFO: done: 0.016 sec
2019-12-27T10:20:08.959Z 80362 TID-owm1ovv9m HardWorker JID-e90ff5aa9f92ae8592fd4add INFO: start
"Hello World!"
2019-12-27T10:20:08.968Z 80362 TID-owm1ovv9m HardWorker JID-e90ff5aa9f92ae8592fd4add INFO: done: 0.009 sec
2019-12-27T10:21:13.230Z 80362 TID-owm1ovv9m HardWorker JID-07a7ed083d6527f88917bf00 INFO: start
"Hello World!"
2019-12-27T10:21:13.239Z 80362 TID-owm1ovv9m HardWorker JID-07a7ed083d6527f88917bf00 INFO: done: 0.009 sec
2019-12-27T10:22:05.905Z 80362 TID-owm1ovv22 HardWorker JID-b9618b81fa6fbe0ae4c73944 INFO: start
"Hello World!"
2019-12-27T10:22:05.914Z 80362 TID-owm1ovv22 HardWorker JID-b9618b81fa6fbe0ae4c73944 INFO: done: 0.009 sec
2019-12-27T10:23:02.019Z 80362 TID-owm1ovv22 HardWorker JID-2641a25c7a8adf44531648ac INFO: start
"Hello World!"
2019-12-27T10:23:02.035Z 80362 TID-owm1ovv22 HardWorker JID-2641a25c7a8adf44531648ac INFO: done: 0.016 sec
2019-12-27T10:24:01.602Z 80362 TID-owm1ovv22 HardWorker JID-ab445b1697895ff7e1a35cea INFO: start
"Hello World!"
2019-12-27T10:24:01.611Z 80362 TID-owm1ovv22 HardWorker JID-ab445b1697895ff7e1a35cea INFO: done: 0.009 sec
2019-12-27T10:25:41.314Z 80362 TID-owm1ovvfy HardWorker JID-46379fecd721fbc4cfb9bb23 INFO: start
"Hello World!"
2019-12-27T10:25:41.331Z 80362 TID-owm1ovvfy HardWorker JID-46379fecd721fbc4cfb9bb23 INFO: done: 0.016 sec
2019-12-27T10:26:13.201Z 80362 TID-owm1ovt7i HardWorker JID-d4c40f9720f5007b4d4e3792 INFO: start
"Hello World!"
2019-12-27T10:26:13.211Z 80362 TID-owm1ovt7i HardWorker JID-d4c40f9720f5007b4d4e3792 INFO: done: 0.01 sec
2019-12-27T10:27:34.175Z 80362 TID-owm1ovvqq HardWorker JID-e061f3107f242580dbdd2c33 INFO: start
"Hello World!"
2019-12-27T10:27:34.197Z 80362 TID-owm1ovvqq HardWorker JID-e061f3107f242580dbdd2c33 INFO: done: 0.022 sec
2019-12-27T10:28:10.242Z 80362 TID-owm1ovv22 HardWorker JID-5421e64861339c0e8eba06d0 INFO: start
"Hello World!"
2019-12-27T10:28:10.262Z 80362 TID-owm1ovv22 HardWorker JID-5421e64861339c0e8eba06d0 INFO: done: 0.02 sec
2019-12-27T10:29:23.261Z 80362 TID-owm1ovvfy HardWorker JID-5c6ba5718aeec91887c5ab8a INFO: start
"Hello World!"
2019-12-27T10:29:23.270Z 80362 TID-owm1ovvfy HardWorker JID-5c6ba5718aeec91887c5ab8a INFO: done: 0.01 sec
2019-12-27T10:30:08.091Z 80362 TID-owm1ovt7i HardWorker JID-615fe779b4397f3e0da0ecbe INFO: start
"Hello World!"
2019-12-27T10:30:08.100Z 80362 TID-owm1ovt7i HardWorker JID-615fe779b4397f3e0da0ecbe INFO: done: 0.01 sec
2019-12-27T10:31:07.252Z 80362 TID-owm1ovvx2 HardWorker JID-408f9c048cca13866b679f9d INFO: start
"Hello World!"
2019-12-27T10:31:07.265Z 80362 TID-owm1ovvx2 HardWorker JID-408f9c048cca13866b679f9d INFO: done: 0.013 sec
2019-12-27T10:32:02.039Z 80362 TID-owm1ovt7i HardWorker JID-17f6848e2b50426be751161f INFO: start
"Hello World!"
2019-12-27T10:32:02.069Z 80362 TID-owm1ovt7i HardWorker JID-17f6848e2b50426be751161f INFO: done: 0.03 sec
2019-12-27T10:33:18.944Z 80362 TID-owm1ovun6 HardWorker JID-9301e38c84f599537ff56824 INFO: start
"Hello World!"
2019-12-27T10:33:18.975Z 80362 TID-owm1ovun6 HardWorker JID-9301e38c84f599537ff56824 INFO: done: 0.031 sec
2019-12-27T10:34:27.908Z 80362 TID-owm1ovun6 HardWorker JID-32731f983ed892b9e8a2527d INFO: start
"Hello World!"
2019-12-27T10:34:27.976Z 80362 TID-owm1ovun6 HardWorker JID-32731f983ed892b9e8a2527d INFO: done: 0.068 sec
2019-12-27T10:35:33.434Z 80362 TID-owm1ovt7i HardWorker JID-b73282c0cf41ff9b41c6eb63 INFO: start
"Hello World!"
2019-12-27T10:35:33.443Z 80362 TID-owm1ovt7i HardWorker JID-b73282c0cf41ff9b41c6eb63 INFO: done: 0.009 sec
2019-12-27T10:36:14.116Z 80362 TID-owm1ovt7i HardWorker JID-cc38704f3efc829235b6add5 INFO: start
"Hello World!"
2019-12-27T10:36:14.124Z 80362 TID-owm1ovt7i HardWorker JID-cc38704f3efc829235b6add5 INFO: done: 0.008 sec
2019-12-27T10:37:29.274Z 80362 TID-owm1ovv22 HardWorker JID-376ecf92d26cbc9e65dc1581 INFO: start
"Hello World!"
2019-12-27T10:37:29.285Z 80362 TID-owm1ovv22 HardWorker JID-376ecf92d26cbc9e65dc1581 INFO: done: 0.01 sec
2019-12-27T10:38:17.290Z 80362 TID-owm1ovvfy HardWorker JID-81084e19461746eb40677bdd INFO: start
"Hello World!"
2019-12-27T10:38:17.305Z 80362 TID-owm1ovvfy HardWorker JID-81084e19461746eb40677bdd INFO: done: 0.015 sec
2019-12-27T10:39:16.843Z 80362 TID-owm1ovv22 HardWorker JID-51f7896bad1f933ca91a2336 INFO: start
"Hello World!"
2019-12-27T10:39:16.853Z 80362 TID-owm1ovv22 HardWorker JID-51f7896bad1f933ca91a2336 INFO: done: 0.011 sec
2019-12-27T10:40:12.430Z 80362 TID-owm1ovvlu HardWorker JID-05b31d9efb1e0d85a4f94842 INFO: start
"Hello World!"
2019-12-27T10:40:12.448Z 80362 TID-owm1ovvlu HardWorker JID-05b31d9efb1e0d85a4f94842 INFO: done: 0.017 sec
2019-12-27T10:41:07.014Z 80362 TID-owm1ovvfy HardWorker JID-f9db11805ddb0dcf06468995 INFO: start
"Hello World!"
2019-12-27T10:41:07.023Z 80362 TID-owm1ovvfy HardWorker JID-f9db11805ddb0dcf06468995 INFO: done: 0.01 sec
2019-12-27T10:42:16.268Z 80362 TID-owm1ovt16 HardWorker JID-cb2959e8f8ac3d10e70227b5 INFO: start
"Hello World!"
2019-12-27T10:42:16.277Z 80362 TID-owm1ovt16 HardWorker JID-cb2959e8f8ac3d10e70227b5 INFO: done: 0.009 sec
2019-12-27T10:43:13.640Z 80362 TID-owm1ovt16 HardWorker JID-0643395a309c082e8f3fcf6c INFO: start
"Hello World!"
2019-12-27T10:43:13.652Z 80362 TID-owm1ovt16 HardWorker JID-0643395a309c082e8f3fcf6c INFO: done: 0.012 sec
2019-12-27T10:44:09.299Z 80362 TID-owm1ovun6 HardWorker JID-349fbeaacd43f177caff1de7 INFO: start
"Hello World!"
2019-12-27T10:44:09.310Z 80362 TID-owm1ovun6 HardWorker JID-349fbeaacd43f177caff1de7 INFO: done: 0.011 sec
2019-12-27T10:45:14.529Z 80362 TID-owm1ovvlu HardWorker JID-8a329c93d68a8d656772bb55 INFO: start
"Hello World!"
2019-12-27T10:45:14.540Z 80362 TID-owm1ovvlu HardWorker JID-8a329c93d68a8d656772bb55 INFO: done: 0.011 sec
2019-12-27T10:46:12.706Z 80362 TID-owm1ovvlu HardWorker JID-082ebead387fa682a8d03297 INFO: start
"Hello World!"
2019-12-27T10:46:12.735Z 80362 TID-owm1ovvlu HardWorker JID-082ebead387fa682a8d03297 INFO: done: 0.029 sec
2019-12-27T10:47:33.748Z 80362 TID-owm1ovvx2 HardWorker JID-2969dd3ecf85f169561a4b94 INFO: start
"Hello World!"
2019-12-27T10:47:33.789Z 80362 TID-owm1ovvx2 HardWorker JID-2969dd3ecf85f169561a4b94 INFO: done: 0.041 sec
2019-12-27T10:48:18.065Z 80362 TID-owm1ovv22 HardWorker JID-4d136061d93c0d46260a999e INFO: start
"Hello World!"
2019-12-27T10:48:18.082Z 80362 TID-owm1ovv22 HardWorker JID-4d136061d93c0d46260a999e INFO: done: 0.017 sec
2019-12-27T10:49:02.040Z 80362 TID-owm1ovvlu HardWorker JID-e1f0ad73814eb37b1f0c5c3e INFO: start
"Hello World!"
2019-12-27T10:49:02.050Z 80362 TID-owm1ovvlu HardWorker JID-e1f0ad73814eb37b1f0c5c3e INFO: done: 0.01 sec
2019-12-27T10:50:26.194Z 80362 TID-owm1ovvx2 HardWorker JID-f4abdb4734ba32d1b66d5e8e INFO: start
"Hello World!"
2019-12-27T10:50:26.224Z 80362 TID-owm1ovvx2 HardWorker JID-f4abdb4734ba32d1b66d5e8e INFO: done: 0.03 sec
2019-12-27T10:51:10.314Z 80362 TID-owm1ovun6 HardWorker JID-3b32a93116772b835e55a655 INFO: start
"Hello World!"
2019-12-27T10:51:10.325Z 80362 TID-owm1ovun6 HardWorker JID-3b32a93116772b835e55a655 INFO: done: 0.011 sec
2019-12-27T10:52:04.248Z 80362 TID-owm1ovun6 HardWorker JID-a91d2b9dfc55ff2574156ed7 INFO: start
"Hello World!"
2019-12-27T10:52:04.265Z 80362 TID-owm1ovun6 HardWorker JID-a91d2b9dfc55ff2574156ed7 INFO: done: 0.016 sec
2019-12-27T10:53:01.442Z 80362 TID-owm1ovvfy HardWorker JID-17f5f9f181cccac6d58223f2 INFO: start
"Hello World!"
2019-12-27T10:53:01.462Z 80362 TID-owm1ovvfy HardWorker JID-17f5f9f181cccac6d58223f2 INFO: done: 0.02 sec
2019-12-27T10:54:19.023Z 80362 TID-owm1ovvx2 HardWorker JID-589e9c906d4d363e1f06851c INFO: start
"Hello World!"
2019-12-27T10:54:19.034Z 80362 TID-owm1ovvx2 HardWorker JID-589e9c906d4d363e1f06851c INFO: done: 0.011 sec
2019-12-27T10:55:08.707Z 80362 TID-owm1ovvx2 HardWorker JID-4110becdec222ddc59de4520 INFO: start
"Hello World!"
2019-12-27T10:55:08.724Z 80362 TID-owm1ovvx2 HardWorker JID-4110becdec222ddc59de4520 INFO: done: 0.016 sec
2019-12-27T10:56:01.776Z 80362 TID-owm1ovv7u HardWorker JID-7360705b43b0824ebbfa9d51 INFO: start
"Hello World!"
2019-12-27T10:56:01.800Z 80362 TID-owm1ovv7u HardWorker JID-7360705b43b0824ebbfa9d51 INFO: done: 0.024 sec
2019-12-27T10:57:21.638Z 80362 TID-owm1ovvx2 HardWorker JID-47005ecb2cff84bc8aab4ad4 INFO: start
"Hello World!"
2019-12-27T10:57:21.679Z 80362 TID-owm1ovvx2 HardWorker JID-47005ecb2cff84bc8aab4ad4 INFO: done: 0.041 sec
2019-12-27T10:58:22.387Z 80362 TID-owm1ovvx2 HardWorker JID-5fb6e108df7bb4ce895fd911 INFO: start
"Hello World!"
2019-12-27T10:58:22.414Z 80362 TID-owm1ovvx2 HardWorker JID-5fb6e108df7bb4ce895fd911 INFO: done: 0.027 sec
2019-12-27T10:59:03.140Z 80362 TID-owm1ovvfy HardWorker JID-58a61c077615d6bfb4482e8d INFO: start
"Hello World!"
2019-12-27T10:59:03.178Z 80362 TID-owm1ovvfy HardWorker JID-58a61c077615d6bfb4482e8d INFO: done: 0.037 sec
2019-12-27T11:00:01.581Z 80362 TID-owm1ovvqq HardWorker JID-85873fd57e564ad7f4a327cf INFO: start
"Hello World!"
2019-12-27T11:00:01.596Z 80362 TID-owm1ovvqq HardWorker JID-85873fd57e564ad7f4a327cf INFO: done: 0.015 sec
2019-12-27T11:01:18.462Z 80362 TID-owm1ovun6 HardWorker JID-93c88ac9c6feb8d322e06103 INFO: start
"Hello World!"
2019-12-27T11:01:18.493Z 80362 TID-owm1ovun6 HardWorker JID-93c88ac9c6feb8d322e06103 INFO: done: 0.03 sec
2019-12-27T11:02:04.768Z 80362 TID-owm1ovvfy HardWorker JID-91738cbeaa916a5b1abb41c1 INFO: start
"Hello World!"
2019-12-27T11:02:04.785Z 80362 TID-owm1ovvfy HardWorker JID-91738cbeaa916a5b1abb41c1 INFO: done: 0.017 sec
2019-12-27T11:03:36.936Z 80362 TID-owm1ovv7u HardWorker JID-247e8d96aca98eeb6c9be7e3 INFO: start
"Hello World!"
2019-12-27T11:03:36.955Z 80362 TID-owm1ovv7u HardWorker JID-247e8d96aca98eeb6c9be7e3 INFO: done: 0.019 sec
2019-12-27T11:04:35.654Z 80362 TID-owm1ovv22 HardWorker JID-15a8ee13dabaf74e351cb8ba INFO: start
"Hello World!"
2019-12-27T11:04:35.678Z 80362 TID-owm1ovv22 HardWorker JID-15a8ee13dabaf74e351cb8ba INFO: done: 0.023 sec
2019-12-27T11:05:06.702Z 80362 TID-owm1ovun6 HardWorker JID-6149d2e80557473ff5a56709 INFO: start
"Hello World!"
2019-12-27T11:05:06.711Z 80362 TID-owm1ovun6 HardWorker JID-6149d2e80557473ff5a56709 INFO: done: 0.009 sec
2019-12-27T11:06:03.305Z 80362 TID-owm1ovv7u HardWorker JID-161f3bbc286194d526624ede INFO: start
"Hello World!"
2019-12-27T11:06:03.314Z 80362 TID-owm1ovv7u HardWorker JID-161f3bbc286194d526624ede INFO: done: 0.008 sec
2019-12-27T11:07:20.612Z 80362 TID-owm1ovun6 HardWorker JID-3327973d00278dd30548aadd INFO: start
"Hello World!"
2019-12-27T11:07:20.634Z 80362 TID-owm1ovun6 HardWorker JID-3327973d00278dd30548aadd INFO: done: 0.022 sec
2019-12-27T11:08:13.238Z 80362 TID-owm1ovvlu HardWorker JID-2a4476f0f9816ba5858b79dc INFO: start
"Hello World!"
2019-12-27T11:08:13.258Z 80362 TID-owm1ovvlu HardWorker JID-2a4476f0f9816ba5858b79dc INFO: done: 0.02 sec
2019-12-27T11:09:07.021Z 80362 TID-owm1ovun6 HardWorker JID-8701d802b9afe3082733ff9b INFO: start
"Hello World!"
2019-12-27T11:09:07.035Z 80362 TID-owm1ovun6 HardWorker JID-8701d802b9afe3082733ff9b INFO: done: 0.014 sec
2019-12-27T11:10:01.628Z 80362 TID-owm1ovvqq HardWorker JID-82cc32b35b3ea8b918db60a2 INFO: start
"Hello World!"
2019-12-27T11:10:01.640Z 80362 TID-owm1ovvqq HardWorker JID-82cc32b35b3ea8b918db60a2 INFO: done: 0.012 sec
2019-12-27T11:11:21.621Z 80362 TID-owm1ovt7i HardWorker JID-dd03758d56c66f6a222e14db INFO: start
"Hello World!"
2019-12-27T11:11:21.646Z 80362 TID-owm1ovt7i HardWorker JID-dd03758d56c66f6a222e14db INFO: done: 0.024 sec
2019-12-27T11:12:24.838Z 80362 TID-owm1ovvlu HardWorker JID-a61e5c4870b05035bf2239ca INFO: start
"Hello World!"
2019-12-27T11:12:24.856Z 80362 TID-owm1ovvlu HardWorker JID-a61e5c4870b05035bf2239ca INFO: done: 0.018 sec
2019-12-27T11:13:19.280Z 80362 TID-owm1ovv22 HardWorker JID-4d16c061cfa1f2723cede7ad INFO: start
"Hello World!"
2019-12-27T11:13:19.297Z 80362 TID-owm1ovv22 HardWorker JID-4d16c061cfa1f2723cede7ad INFO: done: 0.017 sec
2019-12-27T11:14:09.904Z 80362 TID-owm1ovv9m HardWorker JID-91412b0f1cf544c2833d61e4 INFO: start
"Hello World!"
2019-12-27T11:14:09.923Z 80362 TID-owm1ovv9m HardWorker JID-91412b0f1cf544c2833d61e4 INFO: done: 0.019 sec
2019-12-27T11:15:31.086Z 80362 TID-owm1ovvfy HardWorker JID-5eab035f4a9e1a600955439a INFO: start
"Hello World!"
2019-12-27T11:15:31.118Z 80362 TID-owm1ovvfy HardWorker JID-5eab035f4a9e1a600955439a INFO: done: 0.031 sec
2019-12-27T11:16:21.393Z 80362 TID-owm1ovt16 HardWorker JID-9bbc0baebb26c6572752671d INFO: start
"Hello World!"
2019-12-27T11:16:21.414Z 80362 TID-owm1ovt16 HardWorker JID-9bbc0baebb26c6572752671d INFO: done: 0.021 sec
2019-12-27T11:17:28.270Z 80362 TID-owm1ovv7u HardWorker JID-a23e7cc100e59848ca999148 INFO: start
"Hello World!"
2019-12-27T11:17:28.308Z 80362 TID-owm1ovv7u HardWorker JID-a23e7cc100e59848ca999148 INFO: done: 0.038 sec
2019-12-27T11:18:13.220Z 80362 TID-owm1ovv7u HardWorker JID-03612f3761bdc17cd956a7d6 INFO: start
"Hello World!"
2019-12-27T11:18:13.245Z 80362 TID-owm1ovv7u HardWorker JID-03612f3761bdc17cd956a7d6 INFO: done: 0.025 sec
2019-12-27T11:19:16.149Z 80362 TID-owm1ovv22 HardWorker JID-711130067879c30a303f3aad INFO: start
"Hello World!"
2019-12-27T11:19:16.170Z 80362 TID-owm1ovv22 HardWorker JID-711130067879c30a303f3aad INFO: done: 0.02 sec
2019-12-27T11:20:39.790Z 80362 TID-owm1ovun6 HardWorker JID-c24cf005d3ca856cacac8845 INFO: start
"Hello World!"
2019-12-27T11:20:39.806Z 80362 TID-owm1ovun6 HardWorker JID-c24cf005d3ca856cacac8845 INFO: done: 0.016 sec
2019-12-27T11:21:19.261Z 80362 TID-owm1ovvx2 HardWorker JID-953a37d25ee4a55a4366ee24 INFO: start
"Hello World!"
2019-12-27T11:21:19.280Z 80362 TID-owm1ovvx2 HardWorker JID-953a37d25ee4a55a4366ee24 INFO: done: 0.019 sec
2019-12-27T11:22:15.985Z 80362 TID-owm1ovt7i HardWorker JID-668d91b0ac4f7f9e3dd01f8e INFO: start
"Hello World!"
2019-12-27T11:22:16.006Z 80362 TID-owm1ovt7i HardWorker JID-668d91b0ac4f7f9e3dd01f8e INFO: done: 0.021 sec
2019-12-27T11:23:15.735Z 80362 TID-owm1ovvfy HardWorker JID-9887905020f5c9cd455fa053 INFO: start
"Hello World!"
2019-12-27T11:23:15.763Z 80362 TID-owm1ovvfy HardWorker JID-9887905020f5c9cd455fa053 INFO: done: 0.029 sec
2019-12-27T11:24:37.679Z 80362 TID-owm1ovvfy HardWorker JID-bb1082d2432c53ae3fc11a64 INFO: start
"Hello World!"
2019-12-27T11:24:37.700Z 80362 TID-owm1ovvfy HardWorker JID-bb1082d2432c53ae3fc11a64 INFO: done: 0.021 sec
2019-12-27T11:25:11.386Z 80362 TID-owm1ovv22 HardWorker JID-f1ddfc5682990fd15c855b31 INFO: start
"Hello World!"
2019-12-27T11:25:11.399Z 80362 TID-owm1ovv22 HardWorker JID-f1ddfc5682990fd15c855b31 INFO: done: 0.013 sec
2019-12-27T11:26:10.351Z 80362 TID-owm1ovt7i HardWorker JID-2adfdc4bd3f4b7f5d80313f5 INFO: start
"Hello World!"
2019-12-27T11:26:10.367Z 80362 TID-owm1ovt7i HardWorker JID-2adfdc4bd3f4b7f5d80313f5 INFO: done: 0.016 sec
2019-12-27T11:27:07.792Z 80362 TID-owm1ovvx2 HardWorker JID-74f84c8a211388b1ec07f80e INFO: start
"Hello World!"
2019-12-27T11:27:07.817Z 80362 TID-owm1ovvx2 HardWorker JID-74f84c8a211388b1ec07f80e INFO: done: 0.024 sec
2019-12-27T11:28:18.361Z 80362 TID-owm1ovv22 HardWorker JID-bbc86c06403e02b69200b417 INFO: start
"Hello World!"
2019-12-27T11:28:18.381Z 80362 TID-owm1ovv22 HardWorker JID-bbc86c06403e02b69200b417 INFO: done: 0.02 sec
2019-12-27T11:29:26.861Z 80362 TID-owm1ovvlu HardWorker JID-c137d7a3bebb1a007d2548d9 INFO: start
"Hello World!"
2019-12-27T11:29:26.886Z 80362 TID-owm1ovvlu HardWorker JID-c137d7a3bebb1a007d2548d9 INFO: done: 0.025 sec
2019-12-27T11:30:04.635Z 80362 TID-owm1ovvfy HardWorker JID-6791d44c9d4f9fb690e89876 INFO: start
"Hello World!"
2019-12-27T11:30:04.661Z 80362 TID-owm1ovvfy HardWorker JID-6791d44c9d4f9fb690e89876 INFO: done: 0.026 sec
2019-12-27T11:31:38.747Z 80362 TID-owm1ovvx2 HardWorker JID-43fefdaab5def40e63d37d65 INFO: start
"Hello World!"
2019-12-27T11:31:38.815Z 80362 TID-owm1ovvx2 HardWorker JID-43fefdaab5def40e63d37d65 INFO: done: 0.068 sec
2019-12-27T11:32:21.631Z 80362 TID-owm1ovv7u HardWorker JID-96b96467681d4a602cfceee6 INFO: start
"Hello World!"
2019-12-27T11:32:21.664Z 80362 TID-owm1ovv7u HardWorker JID-96b96467681d4a602cfceee6 INFO: done: 0.033 sec
2019-12-27T11:33:02.228Z 80362 TID-owm1ovv9m HardWorker JID-a2c31075781bd7b009bd4de7 INFO: start
"Hello World!"
2019-12-27T11:33:02.279Z 80362 TID-owm1ovv9m HardWorker JID-a2c31075781bd7b009bd4de7 INFO: done: 0.051 sec
2019-12-27T11:34:02.052Z 80362 TID-owm1ovt7i HardWorker JID-7c64fa89735837be237bc967 INFO: start
"Hello World!"
2019-12-27T11:34:02.066Z 80362 TID-owm1ovt7i HardWorker JID-7c64fa89735837be237bc967 INFO: done: 0.013 sec
2019-12-27T11:35:35.401Z 80362 TID-owm1ovun6 HardWorker JID-e698d53660a4ee2d16e8e140 INFO: start
"Hello World!"
2019-12-27T11:35:35.415Z 80362 TID-owm1ovun6 HardWorker JID-e698d53660a4ee2d16e8e140 INFO: done: 0.014 sec
2019-12-27T11:36:11.922Z 80362 TID-owm1ovun6 HardWorker JID-dcad3c2fca09f14b2659c124 INFO: start
"Hello World!"
2019-12-27T11:36:11.941Z 80362 TID-owm1ovun6 HardWorker JID-dcad3c2fca09f14b2659c124 INFO: done: 0.019 sec
2019-12-27T11:37:32.724Z 80362 TID-owm1ovv9m HardWorker JID-dd682ca1da3fd936361369e6 INFO: start
"Hello World!"
2019-12-27T11:37:32.744Z 80362 TID-owm1ovv9m HardWorker JID-dd682ca1da3fd936361369e6 INFO: done: 0.02 sec
2019-12-27T11:38:09.396Z 80362 TID-owm1ovt16 HardWorker JID-27a1d1586b70553c0406bd73 INFO: start
"Hello World!"
2019-12-27T11:38:09.418Z 80362 TID-owm1ovt16 HardWorker JID-27a1d1586b70553c0406bd73 INFO: done: 0.022 sec
2019-12-27T11:39:04.125Z 80362 TID-owm1ovv22 HardWorker JID-82451f6bc13eef739d37caf5 INFO: start
"Hello World!"
2019-12-27T11:39:04.140Z 80362 TID-owm1ovv22 HardWorker JID-82451f6bc13eef739d37caf5 INFO: done: 0.015 sec
2019-12-27T11:40:02.158Z 80362 TID-owm1ovv22 HardWorker JID-8fd83e0cf3f825d4867baa7a INFO: start
"Hello World!"
2019-12-27T11:40:02.177Z 80362 TID-owm1ovv22 HardWorker JID-8fd83e0cf3f825d4867baa7a INFO: done: 0.019 sec
2019-12-27T11:41:12.472Z 80362 TID-owm1ovv7u HardWorker JID-1d9d9a99d41ccf365ef87d55 INFO: start
"Hello World!"
2019-12-27T11:41:12.486Z 80362 TID-owm1ovv7u HardWorker JID-1d9d9a99d41ccf365ef87d55 INFO: done: 0.014 sec
2019-12-27T11:42:24.448Z 80362 TID-owm1ovvfy HardWorker JID-0708c87162adcad998133e4b INFO: start
"Hello World!"
2019-12-27T11:42:24.464Z 80362 TID-owm1ovvfy HardWorker JID-0708c87162adcad998133e4b INFO: done: 0.016 sec
2019-12-27T11:43:08.537Z 80362 TID-owm1ovvlu HardWorker JID-67d2932f748b6d68eb108a08 INFO: start
"Hello World!"
2019-12-27T11:43:08.562Z 80362 TID-owm1ovvlu HardWorker JID-67d2932f748b6d68eb108a08 INFO: done: 0.025 sec
2019-12-27T11:44:13.760Z 80362 TID-owm1ovvfy HardWorker JID-767273b233f32fd5e68b99df INFO: start
"Hello World!"
2019-12-27T11:44:13.776Z 80362 TID-owm1ovvfy HardWorker JID-767273b233f32fd5e68b99df INFO: done: 0.016 sec
2019-12-27T11:45:03.951Z 80362 TID-owm1ovv9m HardWorker JID-6541a8510db1225c8c7cbb4d INFO: start
"Hello World!"
2019-12-27T11:45:03.961Z 80362 TID-owm1ovv9m HardWorker JID-6541a8510db1225c8c7cbb4d INFO: done: 0.009 sec
2019-12-27T11:46:23.793Z 80362 TID-owm1ovt7i HardWorker JID-9752031dee005527490ff9e2 INFO: start
"Hello World!"
2019-12-27T11:46:23.832Z 80362 TID-owm1ovt7i HardWorker JID-9752031dee005527490ff9e2 INFO: done: 0.039 sec
2019-12-27T11:47:26.533Z 80362 TID-owm1ovt16 HardWorker JID-2e918bec21c48dd7ef5ee498 INFO: start
"Hello World!"
2019-12-27T11:47:26.542Z 80362 TID-owm1ovt16 HardWorker JID-2e918bec21c48dd7ef5ee498 INFO: done: 0.008 sec
2019-12-27T11:48:04.109Z 80362 TID-owm1ovv22 HardWorker JID-7fa3eaf4eb503d0941acf4fa INFO: start
"Hello World!"
2019-12-27T11:48:04.142Z 80362 TID-owm1ovv22 HardWorker JID-7fa3eaf4eb503d0941acf4fa INFO: done: 0.033 sec
2019-12-27T11:49:07.736Z 80362 TID-owm1ovt7i HardWorker JID-37d4aa0fdcc3dab37eeb4c50 INFO: start
"Hello World!"
2019-12-27T11:49:07.745Z 80362 TID-owm1ovt7i HardWorker JID-37d4aa0fdcc3dab37eeb4c50 INFO: done: 0.008 sec
2019-12-27T11:50:12.737Z 80362 TID-owm1ovvqq HardWorker JID-23ee2cb7a539d93b9a3e70e2 INFO: start
"Hello World!"
2019-12-27T11:50:12.747Z 80362 TID-owm1ovvqq HardWorker JID-23ee2cb7a539d93b9a3e70e2 INFO: done: 0.01 sec
2019-12-27T11:51:27.976Z 80362 TID-owm1ovvqq HardWorker JID-0bed1f8adc39a41b418a2d4b INFO: start
"Hello World!"
2019-12-27T11:51:27.993Z 80362 TID-owm1ovvqq HardWorker JID-0bed1f8adc39a41b418a2d4b INFO: done: 0.017 sec
2019-12-27T11:52:04.065Z 80362 TID-owm1ovvfy HardWorker JID-8ce478694b20e9d62f09aca1 INFO: start
"Hello World!"
2019-12-27T11:52:04.080Z 80362 TID-owm1ovvfy HardWorker JID-8ce478694b20e9d62f09aca1 INFO: done: 0.016 sec
2019-12-27T11:53:04.743Z 80362 TID-owm1ovv9m HardWorker JID-56105e931887994eb9f68e3f INFO: start
"Hello World!"
2019-12-27T11:53:05.281Z 80362 TID-owm1ovv9m HardWorker JID-56105e931887994eb9f68e3f INFO: done: 0.538 sec
2019-12-27T11:54:17.773Z 80362 TID-owm1ovt7i HardWorker JID-89ad5d5490e54a09adcec3bd INFO: start
"Hello World!"
2019-12-27T11:54:17.805Z 80362 TID-owm1ovt7i HardWorker JID-89ad5d5490e54a09adcec3bd INFO: done: 0.033 sec
2019-12-27T11:55:37.739Z 80362 TID-owm1ovt7i HardWorker JID-1111f1e1795b24fb9b003219 INFO: start
"Hello World!"
2019-12-27T11:55:37.758Z 80362 TID-owm1ovt7i HardWorker JID-1111f1e1795b24fb9b003219 INFO: done: 0.019 sec
2019-12-27T11:56:13.747Z 80362 TID-owm1ovv7u HardWorker JID-fa58c2d298148430dff9ae41 INFO: start
"Hello World!"
2019-12-27T11:56:13.764Z 80362 TID-owm1ovv7u HardWorker JID-fa58c2d298148430dff9ae41 INFO: done: 0.016 sec
2019-12-27T11:57:18.047Z 80362 TID-owm1ovt7i HardWorker JID-cf71c0318a9441a9235b2cf5 INFO: start
"Hello World!"
2019-12-27T11:57:18.075Z 80362 TID-owm1ovt7i HardWorker JID-cf71c0318a9441a9235b2cf5 INFO: done: 0.028 sec
2019-12-27T11:58:17.410Z 80362 TID-owm1ovv7u HardWorker JID-57d0b16f3115a257a30785b4 INFO: start
"Hello World!"
2019-12-27T11:58:17.419Z 80362 TID-owm1ovv7u HardWorker JID-57d0b16f3115a257a30785b4 INFO: done: 0.009 sec
2019-12-27T11:59:16.830Z 80362 TID-owm1ovt7i HardWorker JID-d41ff115e5b0d88b4ec91f78 INFO: start
"Hello World!"
2019-12-27T11:59:16.848Z 80362 TID-owm1ovt7i HardWorker JID-d41ff115e5b0d88b4ec91f78 INFO: done: 0.018 sec
2019-12-27T12:00:15.470Z 80362 TID-owm1ovv7u HardWorker JID-7bb0d07909700122a9369e79 INFO: start
"Hello World!"
2019-12-27T12:00:15.495Z 80362 TID-owm1ovv7u HardWorker JID-7bb0d07909700122a9369e79 INFO: done: 0.025 sec
2019-12-27T12:01:33.125Z 80362 TID-owm1ovv7u HardWorker JID-095bf3f3319993c97d5b6e61 INFO: start
"Hello World!"
2019-12-27T12:01:33.142Z 80362 TID-owm1ovv7u HardWorker JID-095bf3f3319993c97d5b6e61 INFO: done: 0.017 sec
2019-12-27T12:02:14.383Z 80362 TID-owm1ovv7u HardWorker JID-55aec00b25b4d4b3e9901866 INFO: start
"Hello World!"
2019-12-27T12:02:14.400Z 80362 TID-owm1ovv7u HardWorker JID-55aec00b25b4d4b3e9901866 INFO: done: 0.017 sec
2019-12-27T12:03:16.571Z 80362 TID-owm1ovvqq HardWorker JID-522ac8e2772b0f74a753933e INFO: start
"Hello World!"
2019-12-27T12:03:16.588Z 80362 TID-owm1ovvqq HardWorker JID-522ac8e2772b0f74a753933e INFO: done: 0.017 sec
2019-12-27T12:04:01.071Z 80362 TID-owm1ovun6 HardWorker JID-060e14dda5d33250c8d53d01 INFO: start
"Hello World!"
2019-12-27T12:04:01.080Z 80362 TID-owm1ovun6 HardWorker JID-060e14dda5d33250c8d53d01 INFO: done: 0.009 sec
2019-12-27T12:05:07.930Z 80362 TID-owm1ovun6 HardWorker JID-bf5069c8628180c44295ebb9 INFO: start
"Hello World!"
2019-12-27T12:05:07.947Z 80362 TID-owm1ovun6 HardWorker JID-bf5069c8628180c44295ebb9 INFO: done: 0.017 sec
2019-12-27T12:06:14.390Z 80362 TID-owm1ovv7u HardWorker JID-7e01d506a017769653bd10bb INFO: start
"Hello World!"
2019-12-27T12:06:14.407Z 80362 TID-owm1ovv7u HardWorker JID-7e01d506a017769653bd10bb INFO: done: 0.017 sec
2019-12-27T12:07:11.047Z 80362 TID-owm1ovv9m HardWorker JID-dfc7417a440b88bf0b8a3b8f INFO: start
"Hello World!"
2019-12-27T12:07:11.064Z 80362 TID-owm1ovv9m HardWorker JID-dfc7417a440b88bf0b8a3b8f INFO: done: 0.017 sec
2019-12-27T12:08:26.438Z 80362 TID-owm1ovun6 HardWorker JID-a37e2e8a76a69e164830197a INFO: start
"Hello World!"
2019-12-27T12:08:26.460Z 80362 TID-owm1ovun6 HardWorker JID-a37e2e8a76a69e164830197a INFO: done: 0.022 sec
2019-12-27T12:09:07.007Z 80362 TID-owm1ovvqq HardWorker JID-3fa9c09bcc4d566ffa71f6f3 INFO: start
"Hello World!"
2019-12-27T12:09:07.026Z 80362 TID-owm1ovvqq HardWorker JID-3fa9c09bcc4d566ffa71f6f3 INFO: done: 0.018 sec
2019-12-27T12:10:06.790Z 80362 TID-owm1ovt16 HardWorker JID-b25589b51a97500a3ead45f1 INFO: start
"Hello World!"
2019-12-27T12:10:06.806Z 80362 TID-owm1ovt16 HardWorker JID-b25589b51a97500a3ead45f1 INFO: done: 0.017 sec
2019-12-27T12:11:08.546Z 80362 TID-owm1ovvfy HardWorker JID-e5c7e8769c50f44740cb9a7a INFO: start
"Hello World!"
2019-12-27T12:11:08.563Z 80362 TID-owm1ovvfy HardWorker JID-e5c7e8769c50f44740cb9a7a INFO: done: 0.017 sec
2019-12-27T12:12:34.340Z 80362 TID-owm1ovt16 HardWorker JID-366e5ac6978efbfadfbd047e INFO: start
"Hello World!"
2019-12-27T12:12:34.353Z 80362 TID-owm1ovt16 HardWorker JID-366e5ac6978efbfadfbd047e INFO: done: 0.013 sec
2019-12-27T12:13:16.797Z 80362 TID-owm1ovv7u HardWorker JID-4a90895b4a3251d9266f5647 INFO: start
"Hello World!"
2019-12-27T12:13:16.818Z 80362 TID-owm1ovv7u HardWorker JID-4a90895b4a3251d9266f5647 INFO: done: 0.02 sec
2019-12-27T12:14:19.453Z 80362 TID-owm1ovvfy HardWorker JID-821237da39e85872eb2cfec0 INFO: start
"Hello World!"
2019-12-27T12:14:19.477Z 80362 TID-owm1ovvfy HardWorker JID-821237da39e85872eb2cfec0 INFO: done: 0.024 sec
2019-12-27T12:15:27.004Z 80362 TID-owm1ovt16 HardWorker JID-edf5d8694a92cc0ff87bf9ab INFO: start
"Hello World!"
2019-12-27T12:15:27.024Z 80362 TID-owm1ovt16 HardWorker JID-edf5d8694a92cc0ff87bf9ab INFO: done: 0.02 sec
2019-12-27T12:16:06.114Z 80362 TID-owm1ovt7i HardWorker JID-23f494a66811fad5e43bfdb5 INFO: start
"Hello World!"
2019-12-27T12:16:06.132Z 80362 TID-owm1ovt7i HardWorker JID-23f494a66811fad5e43bfdb5 INFO: done: 0.018 sec
2019-12-27T12:17:29.997Z 80362 TID-owm1ovvqq HardWorker JID-4be3e9a9c8f33fe3326a866f INFO: start
"Hello World!"
2019-12-27T12:17:30.059Z 80362 TID-owm1ovvqq HardWorker JID-4be3e9a9c8f33fe3326a866f INFO: done: 0.062 sec
2019-12-27T12:18:13.237Z 80362 TID-owm1ovvqq HardWorker JID-7aa86bc32fe9aa115a896ebd INFO: start
"Hello World!"
2019-12-27T12:18:13.251Z 80362 TID-owm1ovvqq HardWorker JID-7aa86bc32fe9aa115a896ebd INFO: done: 0.014 sec
2019-12-27T12:19:07.589Z 80362 TID-owm1ovv7u HardWorker JID-c338b9b0c08d430786d3ba09 INFO: start
"Hello World!"
2019-12-27T12:19:07.608Z 80362 TID-owm1ovv7u HardWorker JID-c338b9b0c08d430786d3ba09 INFO: done: 0.019 sec
2019-12-27T12:20:06.051Z 80362 TID-owm1ovt16 HardWorker JID-04bd2d682a4fb5db83a71a2e INFO: start
"Hello World!"
2019-12-27T12:20:06.067Z 80362 TID-owm1ovt16 HardWorker JID-04bd2d682a4fb5db83a71a2e INFO: done: 0.017 sec
2019-12-27T12:21:01.867Z 80362 TID-owm1ovvfy HardWorker JID-2dab05de4ed58ca9876d59c9 INFO: start
"Hello World!"
2019-12-27T12:21:01.897Z 80362 TID-owm1ovvfy HardWorker JID-2dab05de4ed58ca9876d59c9 INFO: done: 0.03 sec
2019-12-27T12:22:03.889Z 80362 TID-owm1ovvfy HardWorker JID-08d9c69820fe610d9edcdca7 INFO: start
"Hello World!"
2019-12-27T12:22:03.900Z 80362 TID-owm1ovvfy HardWorker JID-08d9c69820fe610d9edcdca7 INFO: done: 0.011 sec
2019-12-27T12:23:08.840Z 80362 TID-owm1ovun6 HardWorker JID-2c9e88629d7dfe92f13a7e76 INFO: start
"Hello World!"
2019-12-27T12:23:08.856Z 80362 TID-owm1ovun6 HardWorker JID-2c9e88629d7dfe92f13a7e76 INFO: done: 0.016 sec
2019-12-27T12:24:12.472Z 80362 TID-owm1ovv7u HardWorker JID-4c519b8cb0d63195f2b0bcda INFO: start
"Hello World!"
2019-12-27T12:24:12.481Z 80362 TID-owm1ovv7u HardWorker JID-4c519b8cb0d63195f2b0bcda INFO: done: 0.009 sec
2019-12-27T12:25:18.528Z 80362 TID-owm1ovvfy HardWorker JID-5392702034d1c6789bfad9ec INFO: start
"Hello World!"
2019-12-27T12:25:18.535Z 80362 TID-owm1ovvfy HardWorker JID-5392702034d1c6789bfad9ec INFO: done: 0.007 sec
2019-12-27T12:26:26.189Z 80362 TID-owm1ovv9m HardWorker JID-c08e3c2099216917b48a320c INFO: start
"Hello World!"
2019-12-27T12:26:26.199Z 80362 TID-owm1ovv9m HardWorker JID-c08e3c2099216917b48a320c INFO: done: 0.01 sec
2019-12-27T12:27:32.616Z 80362 TID-owm1ovvqq HardWorker JID-b331539e6220f126ebd218c6 INFO: start
"Hello World!"
2019-12-27T12:27:32.632Z 80362 TID-owm1ovvqq HardWorker JID-b331539e6220f126ebd218c6 INFO: done: 0.016 sec
2019-12-27T12:28:08.051Z 80362 TID-owm1ovun6 HardWorker JID-0cb64f4e2876f1cc05ae9ec5 INFO: start
"Hello World!"
2019-12-27T12:28:08.061Z 80362 TID-owm1ovun6 HardWorker JID-0cb64f4e2876f1cc05ae9ec5 INFO: done: 0.01 sec
2019-12-27T12:29:14.023Z 80362 TID-owm1ovvx2 HardWorker JID-ba81fe273035ed18cb14862c INFO: start
"Hello World!"
2019-12-27T12:29:14.050Z 80362 TID-owm1ovvx2 HardWorker JID-ba81fe273035ed18cb14862c INFO: done: 0.028 sec
2019-12-27T12:30:12.851Z 80362 TID-owm1ovt16 HardWorker JID-0b6cca3939f129b271095cfc INFO: start
"Hello World!"
2019-12-27T12:30:12.869Z 80362 TID-owm1ovt16 HardWorker JID-0b6cca3939f129b271095cfc INFO: done: 0.017 sec
2019-12-27T12:31:14.934Z 80362 TID-owm1ovvx2 HardWorker JID-f50bc1249c909d99f1f09ff2 INFO: start
"Hello World!"
2019-12-27T12:31:14.960Z 80362 TID-owm1ovvx2 HardWorker JID-f50bc1249c909d99f1f09ff2 INFO: done: 0.025 sec
2019-12-27T12:32:35.558Z 80362 TID-owm1ovvqq HardWorker JID-854575fa066820553102d5b6 INFO: start
"Hello World!"
2019-12-27T12:32:35.576Z 80362 TID-owm1ovvqq HardWorker JID-854575fa066820553102d5b6 INFO: done: 0.018 sec
2019-12-27T12:33:17.264Z 80362 TID-owm1ovun6 HardWorker JID-4143a788928af52a397e5436 INFO: start
"Hello World!"
2019-12-27T12:33:17.271Z 80362 TID-owm1ovun6 HardWorker JID-4143a788928af52a397e5436 INFO: done: 0.007 sec
2019-12-27T12:34:10.934Z 80362 TID-owm1ovvfy HardWorker JID-28088a667957cee110206aa9 INFO: start
"Hello World!"
2019-12-27T12:34:10.955Z 80362 TID-owm1ovvfy HardWorker JID-28088a667957cee110206aa9 INFO: done: 0.021 sec
2019-12-27T12:35:15.986Z 80362 TID-owm1ovun6 HardWorker JID-e43d849ead3fe0126be4f860 INFO: start
"Hello World!"
2019-12-27T12:35:16.001Z 80362 TID-owm1ovun6 HardWorker JID-e43d849ead3fe0126be4f860 INFO: done: 0.016 sec
2019-12-27T12:36:26.449Z 80362 TID-owm1ovvqq HardWorker JID-7545d272e744ea9004acf375 INFO: start
"Hello World!"
2019-12-27T12:36:26.457Z 80362 TID-owm1ovvqq HardWorker JID-7545d272e744ea9004acf375 INFO: done: 0.008 sec
2019-12-27T12:37:29.196Z 80362 TID-owm1ovvfy HardWorker JID-a99a1a700f44474e6ce6c968 INFO: start
"Hello World!"
2019-12-27T12:37:29.212Z 80362 TID-owm1ovvfy HardWorker JID-a99a1a700f44474e6ce6c968 INFO: done: 0.016 sec
2019-12-27T12:38:30.707Z 80362 TID-owm1ovun6 HardWorker JID-2d94c4939ac57b94557267a7 INFO: start
"Hello World!"
2019-12-27T12:38:30.723Z 80362 TID-owm1ovun6 HardWorker JID-2d94c4939ac57b94557267a7 INFO: done: 0.016 sec
2019-12-27T12:39:26.783Z 80362 TID-owm1ovun6 HardWorker JID-fb68674d47986354f0d33c20 INFO: start
"Hello World!"
2019-12-27T12:39:26.792Z 80362 TID-owm1ovun6 HardWorker JID-fb68674d47986354f0d33c20 INFO: done: 0.009 sec
2019-12-27T12:40:41.562Z 80362 TID-owm1ovv7u HardWorker JID-aa51b260d02fc92e1ba9bba9 INFO: start
"Hello World!"
2019-12-27T12:40:41.571Z 80362 TID-owm1ovv7u HardWorker JID-aa51b260d02fc92e1ba9bba9 INFO: done: 0.008 sec
2019-12-27T12:41:36.534Z 80362 TID-owm1ovt16 HardWorker JID-6b41d81e778a7ed0e90cc880 INFO: start
"Hello World!"
2019-12-27T12:41:36.549Z 80362 TID-owm1ovt16 HardWorker JID-6b41d81e778a7ed0e90cc880 INFO: done: 0.015 sec
2019-12-27T12:42:08.196Z 80362 TID-owm1ovvfy HardWorker JID-59f7191699ad0ecb89b4e101 INFO: start
"Hello World!"
2019-12-27T12:42:08.212Z 80362 TID-owm1ovvfy HardWorker JID-59f7191699ad0ecb89b4e101 INFO: done: 0.016 sec
2019-12-27T12:43:10.052Z 80362 TID-owm1ovun6 HardWorker JID-468d7ea8bd4705910cedb2fd INFO: start
"Hello World!"
2019-12-27T12:43:10.069Z 80362 TID-owm1ovun6 HardWorker JID-468d7ea8bd4705910cedb2fd INFO: done: 0.018 sec
2019-12-27T12:44:24.582Z 80362 TID-owm1ovvfy HardWorker JID-43fefb627e8bd43e713ee10a INFO: start
"Hello World!"
2019-12-27T12:44:24.599Z 80362 TID-owm1ovvfy HardWorker JID-43fefb627e8bd43e713ee10a INFO: done: 0.017 sec
2019-12-27T12:45:07.474Z 80362 TID-owm1ovv9m HardWorker JID-ddeb569c131b5fb02a883c43 INFO: start
"Hello World!"
2019-12-27T12:45:07.483Z 80362 TID-owm1ovv9m HardWorker JID-ddeb569c131b5fb02a883c43 INFO: done: 0.009 sec
2019-12-27T12:46:40.620Z 80362 TID-owm1ovv7u HardWorker JID-96cea8f1e04b66d017c4819a INFO: start
"Hello World!"
2019-12-27T12:46:40.629Z 80362 TID-owm1ovv7u HardWorker JID-96cea8f1e04b66d017c4819a INFO: done: 0.009 sec
2019-12-27T12:47:13.942Z 80362 TID-owm1ovvx2 HardWorker JID-26bc24a4fc06badada024e9a INFO: start
"Hello World!"
2019-12-27T12:47:13.959Z 80362 TID-owm1ovvx2 HardWorker JID-26bc24a4fc06badada024e9a INFO: done: 0.017 sec
2019-12-27T12:48:12.791Z 80362 TID-owm1ovt7i HardWorker JID-94b6ed5ac6f38fe66ea6673c INFO: start
"Hello World!"
2019-12-27T12:48:12.808Z 80362 TID-owm1ovt7i HardWorker JID-94b6ed5ac6f38fe66ea6673c INFO: done: 0.017 sec
2019-12-27T12:49:15.643Z 80362 TID-owm1ovt7i HardWorker JID-a274b770505c2713eddd2ee6 INFO: start
"Hello World!"
2019-12-27T12:49:15.651Z 80362 TID-owm1ovt7i HardWorker JID-a274b770505c2713eddd2ee6 INFO: done: 0.008 sec
2019-12-27T12:50:24.551Z 80362 TID-owm1ovun6 HardWorker JID-4cf4321fd8371bea28a88b83 INFO: start
"Hello World!"
2019-12-27T12:50:24.560Z 80362 TID-owm1ovun6 HardWorker JID-4cf4321fd8371bea28a88b83 INFO: done: 0.009 sec
2019-12-27T12:51:36.810Z 80362 TID-owm1ovvfy HardWorker JID-be38b29d34800c84a89705d0 INFO: start
"Hello World!"
2019-12-27T12:51:36.825Z 80362 TID-owm1ovvfy HardWorker JID-be38b29d34800c84a89705d0 INFO: done: 0.015 sec
2019-12-27T12:52:20.922Z 80362 TID-owm1ovvqq HardWorker JID-7483a7113b2b804b8d1db1ef INFO: start
"Hello World!"
2019-12-27T12:52:20.940Z 80362 TID-owm1ovvqq HardWorker JID-7483a7113b2b804b8d1db1ef INFO: done: 0.017 sec
2019-12-27T12:53:07.187Z 80362 TID-owm1ovv9m HardWorker JID-8b3e69e1429fbcc01247e9e7 INFO: start
"Hello World!"
2019-12-27T12:53:07.202Z 80362 TID-owm1ovv9m HardWorker JID-8b3e69e1429fbcc01247e9e7 INFO: done: 0.015 sec
2019-12-27T12:54:17.594Z 80362 TID-owm1ovvqq HardWorker JID-cbd3b40c986a026e63cdb8d2 INFO: start
"Hello World!"
2019-12-27T12:54:17.603Z 80362 TID-owm1ovvqq HardWorker JID-cbd3b40c986a026e63cdb8d2 INFO: done: 0.009 sec
2019-12-27T12:55:10.886Z 80362 TID-owm1ovv7u HardWorker JID-ec1c7ea092da596d93850926 INFO: start
"Hello World!"
2019-12-27T12:55:10.895Z 80362 TID-owm1ovv7u HardWorker JID-ec1c7ea092da596d93850926 INFO: done: 0.009 sec
2019-12-27T12:56:04.166Z 80362 TID-owm1ovun6 HardWorker JID-36195da9c29e34936ccdeaf2 INFO: start
"Hello World!"
2019-12-27T12:56:04.184Z 80362 TID-owm1ovun6 HardWorker JID-36195da9c29e34936ccdeaf2 INFO: done: 0.018 sec
2019-12-27T12:57:30.398Z 80362 TID-owm1ovvx2 HardWorker JID-9d82430eee3f279b33aaedac INFO: start
"Hello World!"
2019-12-27T12:57:30.407Z 80362 TID-owm1ovvx2 HardWorker JID-9d82430eee3f279b33aaedac INFO: done: 0.009 sec
2019-12-27T12:58:38.019Z 80362 TID-owm1ovt16 HardWorker JID-a425a47cf6c0bfa709d0c8e0 INFO: start
"Hello World!"
2019-12-27T12:58:38.037Z 80362 TID-owm1ovt16 HardWorker JID-a425a47cf6c0bfa709d0c8e0 INFO: done: 0.018 sec
2019-12-27T12:59:20.257Z 80362 TID-owm1ovvfy HardWorker JID-bc6e895578763852cc7f99ee INFO: start
"Hello World!"
2019-12-27T12:59:20.265Z 80362 TID-owm1ovvfy HardWorker JID-bc6e895578763852cc7f99ee INFO: done: 0.009 sec
2019-12-27T13:00:08.114Z 80362 TID-owm1ovvqq HardWorker JID-c586d91de34eb09baef2c6bd INFO: start
"Hello World!"
2019-12-27T13:00:08.123Z 80362 TID-owm1ovvqq HardWorker JID-c586d91de34eb09baef2c6bd INFO: done: 0.008 sec
2019-12-27T13:01:17.715Z 80362 TID-owm1ovvx2 HardWorker JID-4a036f088e26cebd510e1e1b INFO: start
"Hello World!"
2019-12-27T13:01:17.744Z 80362 TID-owm1ovvx2 HardWorker JID-4a036f088e26cebd510e1e1b INFO: done: 0.029 sec
2019-12-27T13:02:28.730Z 80362 TID-owm1ovvlu HardWorker JID-47bfead384dd4d1b7e096ec4 INFO: start
"Hello World!"
2019-12-27T13:02:28.746Z 80362 TID-owm1ovvlu HardWorker JID-47bfead384dd4d1b7e096ec4 INFO: done: 0.016 sec
2019-12-27T13:03:21.089Z 80362 TID-owm1ovvqq HardWorker JID-07518ac3e1c2069fdc2a8069 INFO: start
"Hello World!"
2019-12-27T13:03:21.116Z 80362 TID-owm1ovvqq HardWorker JID-07518ac3e1c2069fdc2a8069 INFO: done: 0.028 sec
2019-12-27T13:04:20.892Z 80362 TID-owm1ovun6 HardWorker JID-e5b8c88deaf86c8bf8961787 INFO: start
"Hello World!"
2019-12-27T13:04:20.919Z 80362 TID-owm1ovun6 HardWorker JID-e5b8c88deaf86c8bf8961787 INFO: done: 0.027 sec
2019-12-27T13:05:05.901Z 80362 TID-owm1ovvx2 HardWorker JID-61f8cdb5ffa24ae4a6ce1d99 INFO: start
"Hello World!"
2019-12-27T13:05:05.909Z 80362 TID-owm1ovvx2 HardWorker JID-61f8cdb5ffa24ae4a6ce1d99 INFO: done: 0.008 sec
2019-12-27T13:06:05.548Z 80362 TID-owm1ovt16 HardWorker JID-96fd90fb23eb8f47a062e444 INFO: start
"Hello World!"
2019-12-27T13:06:05.556Z 80362 TID-owm1ovt16 HardWorker JID-96fd90fb23eb8f47a062e444 INFO: done: 0.008 sec
2019-12-27T13:07:02.311Z 80362 TID-owm1ovt7i HardWorker JID-369a59504b96d96edfafdd42 INFO: start
"Hello World!"
2019-12-27T13:07:02.338Z 80362 TID-owm1ovt7i HardWorker JID-369a59504b96d96edfafdd42 INFO: done: 0.027 sec
2019-12-27T13:08:29.432Z 80362 TID-owm1ovv22 HardWorker JID-5fec6289444af7e09bd847a3 INFO: start
"Hello World!"
2019-12-27T13:08:29.453Z 80362 TID-owm1ovv22 HardWorker JID-5fec6289444af7e09bd847a3 INFO: done: 0.021 sec
2019-12-27T13:09:09.942Z 80362 TID-owm1ovvqq HardWorker JID-fd4b2466d4c4240da6b29dd1 INFO: start
"Hello World!"
2019-12-27T13:09:09.958Z 80362 TID-owm1ovvqq HardWorker JID-fd4b2466d4c4240da6b29dd1 INFO: done: 0.016 sec
2019-12-27T13:10:20.969Z 80362 TID-owm1ovun6 HardWorker JID-95937c1b1ee56319f951a268 INFO: start
"Hello World!"
2019-12-27T13:10:20.985Z 80362 TID-owm1ovun6 HardWorker JID-95937c1b1ee56319f951a268 INFO: done: 0.017 sec
2019-12-27T13:11:19.465Z 80362 TID-owm1ovvlu HardWorker JID-684a5c8e67fe01e310c57fd4 INFO: start
"Hello World!"
2019-12-27T13:11:19.475Z 80362 TID-owm1ovvlu HardWorker JID-684a5c8e67fe01e310c57fd4 INFO: done: 0.009 sec
2019-12-27T13:12:30.545Z 80362 TID-owm1ovvlu HardWorker JID-b1a561da3c465c149f3578f8 INFO: start
"Hello World!"
2019-12-27T13:12:30.563Z 80362 TID-owm1ovvlu HardWorker JID-b1a561da3c465c149f3578f8 INFO: done: 0.018 sec
2019-12-27T13:13:08.776Z 80362 TID-owm1ovun6 HardWorker JID-b7376b2595d8f8eaac01163b INFO: start
"Hello World!"
2019-12-27T13:13:08.784Z 80362 TID-owm1ovun6 HardWorker JID-b7376b2595d8f8eaac01163b INFO: done: 0.008 sec
2019-12-27T13:14:19.700Z 80362 TID-owm1ovun6 HardWorker JID-c61fb007dea76c3bf1e981c2 INFO: start
"Hello World!"
2019-12-27T13:14:19.717Z 80362 TID-owm1ovun6 HardWorker JID-c61fb007dea76c3bf1e981c2 INFO: done: 0.017 sec
2019-12-27T13:15:21.559Z 80362 TID-owm1ovv9m HardWorker JID-f94dac84e43912a1cd6afdb7 INFO: start
"Hello World!"
2019-12-27T13:15:21.567Z 80362 TID-owm1ovv9m HardWorker JID-f94dac84e43912a1cd6afdb7 INFO: done: 0.009 sec
2019-12-27T13:16:23.896Z 80362 TID-owm1ovv9m HardWorker JID-7846a916510ff9be783ddc54 INFO: start
"Hello World!"
2019-12-27T13:16:23.904Z 80362 TID-owm1ovv9m HardWorker JID-7846a916510ff9be783ddc54 INFO: done: 0.008 sec
2019-12-27T13:17:43.953Z 80362 TID-owm1ovvx2 HardWorker JID-c00652e4330a0b2820d89492 INFO: start
"Hello World!"
2019-12-27T13:17:43.964Z 80362 TID-owm1ovvx2 HardWorker JID-c00652e4330a0b2820d89492 INFO: done: 0.011 sec
2019-12-27T13:18:19.654Z 80362 TID-owm1ovt16 HardWorker JID-f9214558dc465f8d409f26b8 INFO: start
"Hello World!"
2019-12-27T13:18:19.663Z 80362 TID-owm1ovt16 HardWorker JID-f9214558dc465f8d409f26b8 INFO: done: 0.008 sec
2019-12-27T13:19:19.881Z 80362 TID-owm1ovvqq HardWorker JID-4dc1bd3fc54fab15eda28ded INFO: start
"Hello World!"
2019-12-27T13:19:19.898Z 80362 TID-owm1ovvqq HardWorker JID-4dc1bd3fc54fab15eda28ded INFO: done: 0.017 sec
2019-12-27T13:20:28.858Z 80362 TID-owm1ovvx2 HardWorker JID-f989e5f70fab93fe84e991a0 INFO: start
"Hello World!"
2019-12-27T13:20:28.867Z 80362 TID-owm1ovvx2 HardWorker JID-f989e5f70fab93fe84e991a0 INFO: done: 0.009 sec
2019-12-27T13:21:40.277Z 80362 TID-owm1ovun6 HardWorker JID-3df9142dccc22d55c4b37330 INFO: start
"Hello World!"
2019-12-27T13:21:40.299Z 80362 TID-owm1ovun6 HardWorker JID-3df9142dccc22d55c4b37330 INFO: done: 0.022 sec
2019-12-27T13:22:05.380Z 80362 TID-owm1ovv22 HardWorker JID-eef2dcdf31b56b1fd9486bca INFO: start
"Hello World!"
2019-12-27T13:22:05.388Z 80362 TID-owm1ovv22 HardWorker JID-eef2dcdf31b56b1fd9486bca INFO: done: 0.008 sec
2019-12-27T13:23:22.736Z 80362 TID-owm1ovt7i HardWorker JID-762cacef09468bb595f1c560 INFO: start
"Hello World!"
2019-12-27T13:23:22.753Z 80362 TID-owm1ovt7i HardWorker JID-762cacef09468bb595f1c560 INFO: done: 0.017 sec
2019-12-27T13:24:21.930Z 80362 TID-owm1ovvqq HardWorker JID-e9932f82a630e7c41bcb1475 INFO: start
"Hello World!"
2019-12-27T13:24:21.940Z 80362 TID-owm1ovvqq HardWorker JID-e9932f82a630e7c41bcb1475 INFO: done: 0.009 sec
2019-12-27T13:25:17.119Z 80362 TID-owm1ovun6 HardWorker JID-d1e0e1c2bc54abc751785319 INFO: start
"Hello World!"
2019-12-27T13:25:17.140Z 80362 TID-owm1ovun6 HardWorker JID-d1e0e1c2bc54abc751785319 INFO: done: 0.02 sec
2019-12-27T13:26:22.913Z 80362 TID-owm1ovt7i HardWorker JID-da17fcae98dad597ebe6dea2 INFO: start
"Hello World!"
2019-12-27T13:26:22.935Z 80362 TID-owm1ovt7i HardWorker JID-da17fcae98dad597ebe6dea2 INFO: done: 0.022 sec
2019-12-27T13:27:23.008Z 80362 TID-owm1ovv7u HardWorker JID-1ee9e28b78af47b76212121e INFO: start
"Hello World!"
2019-12-27T13:27:23.025Z 80362 TID-owm1ovv7u HardWorker JID-1ee9e28b78af47b76212121e INFO: done: 0.017 sec
2019-12-27T13:28:03.303Z 80362 TID-owm1ovvqq HardWorker JID-2a111c482936f829c7281aa6 INFO: start
"Hello World!"
2019-12-27T13:28:03.319Z 80362 TID-owm1ovvqq HardWorker JID-2a111c482936f829c7281aa6 INFO: done: 0.016 sec
2019-12-27T13:29:10.102Z 80362 TID-owm1ovvx2 HardWorker JID-55095d8cff89c284fb69d0e0 INFO: start
"Hello World!"
2019-12-27T13:29:10.119Z 80362 TID-owm1ovvx2 HardWorker JID-55095d8cff89c284fb69d0e0 INFO: done: 0.017 sec
2019-12-27T13:30:07.289Z 80362 TID-owm1ovun6 HardWorker JID-e146571ad8fbd386dcbd6dbf INFO: start
"Hello World!"
2019-12-27T13:30:07.307Z 80362 TID-owm1ovun6 HardWorker JID-e146571ad8fbd386dcbd6dbf INFO: done: 0.018 sec
2019-12-27T13:31:11.602Z 80362 TID-owm1ovv22 HardWorker JID-ec9aeca03b5fc34c0ada1b97 INFO: start
"Hello World!"
2019-12-27T13:31:11.620Z 80362 TID-owm1ovv22 HardWorker JID-ec9aeca03b5fc34c0ada1b97 INFO: done: 0.018 sec
2019-12-27T13:32:12.139Z 80362 TID-owm1ovv7u HardWorker JID-f90ea15fee1fc237d2ecbfad INFO: start
"Hello World!"
2019-12-27T13:32:12.149Z 80362 TID-owm1ovv7u HardWorker JID-f90ea15fee1fc237d2ecbfad INFO: done: 0.01 sec
2019-12-27T13:33:13.304Z 80362 TID-owm1ovun6 HardWorker JID-f8a75e2f9f723dc090d2e011 INFO: start
"Hello World!"
2019-12-27T13:33:13.320Z 80362 TID-owm1ovun6 HardWorker JID-f8a75e2f9f723dc090d2e011 INFO: done: 0.016 sec
2019-12-27T13:34:06.092Z 80362 TID-owm1ovvx2 HardWorker JID-4e7046f5cdd574bd22fa5c03 INFO: start
"Hello World!"
2019-12-27T13:34:06.114Z 80362 TID-owm1ovvx2 HardWorker JID-4e7046f5cdd574bd22fa5c03 INFO: done: 0.021 sec
2019-12-27T13:35:13.028Z 80362 TID-owm1ovvx2 HardWorker JID-5611ac762c2d1d6e952db046 INFO: start
"Hello World!"
2019-12-27T13:35:13.045Z 80362 TID-owm1ovvx2 HardWorker JID-5611ac762c2d1d6e952db046 INFO: done: 0.017 sec
2019-12-27T13:36:26.833Z 80362 TID-owm1ovv22 HardWorker JID-371bd884e795e183cd137386 INFO: start
"Hello World!"
2019-12-27T13:36:26.851Z 80362 TID-owm1ovv22 HardWorker JID-371bd884e795e183cd137386 INFO: done: 0.018 sec
2019-12-27T13:37:23.488Z 80362 TID-owm1ovun6 HardWorker JID-eb1e90d0722c8f4d316a9179 INFO: start
"Hello World!"
2019-12-27T13:37:23.503Z 80362 TID-owm1ovun6 HardWorker JID-eb1e90d0722c8f4d316a9179 INFO: done: 0.016 sec
2019-12-27T13:38:05.798Z 80362 TID-owm1ovvfy HardWorker JID-27e013ce94eedba27e0e969b INFO: start
"Hello World!"
2019-12-27T13:38:05.816Z 80362 TID-owm1ovvfy HardWorker JID-27e013ce94eedba27e0e969b INFO: done: 0.018 sec
2019-12-27T13:39:19.239Z 80362 TID-owm1ovvfy HardWorker JID-e827f5bd6b771c7a9417fae8 INFO: start
"Hello World!"
2019-12-27T13:39:19.256Z 80362 TID-owm1ovvfy HardWorker JID-e827f5bd6b771c7a9417fae8 INFO: done: 0.017 sec
2019-12-27T13:40:34.926Z 80362 TID-owm1ovvfy HardWorker JID-4beb216cd6345a17b449dc80 INFO: start
"Hello World!"
2019-12-27T13:40:34.934Z 80362 TID-owm1ovvfy HardWorker JID-4beb216cd6345a17b449dc80 INFO: done: 0.009 sec
2019-12-27T13:41:17.654Z 80362 TID-owm1ovt7i HardWorker JID-b3c1b3384c3713c2124318c7 INFO: start
"Hello World!"
2019-12-27T13:41:17.662Z 80362 TID-owm1ovt7i HardWorker JID-b3c1b3384c3713c2124318c7 INFO: done: 0.008 sec
2019-12-27T13:42:13.727Z 80362 TID-owm1ovvx2 HardWorker JID-1797761bdb0e2828ec02cc73 INFO: start
"Hello World!"
2019-12-27T13:42:13.747Z 80362 TID-owm1ovvx2 HardWorker JID-1797761bdb0e2828ec02cc73 INFO: done: 0.02 sec
2019-12-27T13:43:11.601Z 80362 TID-owm1ovv9m HardWorker JID-bf5cd43c844db8b4d1d2b6f1 INFO: start
"Hello World!"
2019-12-27T13:43:11.619Z 80362 TID-owm1ovv9m HardWorker JID-bf5cd43c844db8b4d1d2b6f1 INFO: done: 0.018 sec
2019-12-27T13:44:25.126Z 80362 TID-owm1ovvlu HardWorker JID-af43b3d343ba00cfdab6fab1 INFO: start
"Hello World!"
2019-12-27T13:44:25.143Z 80362 TID-owm1ovvlu HardWorker JID-af43b3d343ba00cfdab6fab1 INFO: done: 0.016 sec
2019-12-27T13:45:41.861Z 80362 TID-owm1ovvx2 HardWorker JID-7fa9910e02e45bef2c5e4f6b INFO: start
"Hello World!"
2019-12-27T13:45:41.878Z 80362 TID-owm1ovvx2 HardWorker JID-7fa9910e02e45bef2c5e4f6b INFO: done: 0.018 sec
2019-12-27T13:46:32.688Z 80362 TID-owm1ovvfy HardWorker JID-4108b7913389fc377dfadc69 INFO: start
"Hello World!"
2019-12-27T13:46:32.706Z 80362 TID-owm1ovvfy HardWorker JID-4108b7913389fc377dfadc69 INFO: done: 0.017 sec
2019-12-27T13:47:17.074Z 80362 TID-owm1ovvlu HardWorker JID-89776205f9d63b2c772d15e5 INFO: start
"Hello World!"
2019-12-27T13:47:17.089Z 80362 TID-owm1ovvlu HardWorker JID-89776205f9d63b2c772d15e5 INFO: done: 0.015 sec
2019-12-27T13:48:20.069Z 80362 TID-owm1ovvqq HardWorker JID-e13ac4fdfae1fd29ff734541 INFO: start
"Hello World!"
2019-12-27T13:48:20.089Z 80362 TID-owm1ovvqq HardWorker JID-e13ac4fdfae1fd29ff734541 INFO: done: 0.019 sec
2019-12-27T13:49:30.137Z 80362 TID-owm1ovv9m HardWorker JID-1b99b2082877817c5e794464 INFO: start
"Hello World!"
2019-12-27T13:49:30.157Z 80362 TID-owm1ovv9m HardWorker JID-1b99b2082877817c5e794464 INFO: done: 0.019 sec
2019-12-27T13:50:09.393Z 80362 TID-owm1ovt16 HardWorker JID-790cd75b56392cd994e217ff INFO: start
"Hello World!"
2019-12-27T13:50:09.409Z 80362 TID-owm1ovt16 HardWorker JID-790cd75b56392cd994e217ff INFO: done: 0.016 sec
2019-12-27T13:51:15.350Z 80362 TID-owm1ovv9m HardWorker JID-ec7d3e4a1f313d501cc87523 INFO: start
"Hello World!"
2019-12-27T13:51:15.367Z 80362 TID-owm1ovv9m HardWorker JID-ec7d3e4a1f313d501cc87523 INFO: done: 0.017 sec
2019-12-27T13:52:33.105Z 80362 TID-owm1ovv9m HardWorker JID-fa419b88cfe0c7b2c0630698 INFO: start
"Hello World!"
2019-12-27T13:52:33.113Z 80362 TID-owm1ovv9m HardWorker JID-fa419b88cfe0c7b2c0630698 INFO: done: 0.008 sec
2019-12-27T13:53:05.321Z 80362 TID-owm1ovv9m HardWorker JID-28760e7bc149e75bc58988e6 INFO: start
"Hello World!"
2019-12-27T13:53:05.329Z 80362 TID-owm1ovv9m HardWorker JID-28760e7bc149e75bc58988e6 INFO: done: 0.008 sec
2019-12-27T13:54:16.211Z 80362 TID-owm1ovun6 HardWorker JID-4856d5bc2157495f6fe4d208 INFO: start
"Hello World!"
2019-12-27T13:54:16.228Z 80362 TID-owm1ovun6 HardWorker JID-4856d5bc2157495f6fe4d208 INFO: done: 0.017 sec
2019-12-27T13:55:27.895Z 80362 TID-owm1ovv7u HardWorker JID-e0fede5b07415b1f4579c1a9 INFO: start
"Hello World!"
2019-12-27T13:55:27.902Z 80362 TID-owm1ovv7u HardWorker JID-e0fede5b07415b1f4579c1a9 INFO: done: 0.007 sec
2019-12-27T13:56:19.475Z 80362 TID-owm1ovv22 HardWorker JID-8eec5679018de1b70b1e8628 INFO: start
"Hello World!"
2019-12-27T13:56:19.493Z 80362 TID-owm1ovv22 HardWorker JID-8eec5679018de1b70b1e8628 INFO: done: 0.018 sec
2019-12-27T13:57:23.138Z 80362 TID-owm1ovt16 HardWorker JID-e1b58bd06b0c55cbf5fd1a5d INFO: start
"Hello World!"
2019-12-27T13:57:23.154Z 80362 TID-owm1ovt16 HardWorker JID-e1b58bd06b0c55cbf5fd1a5d INFO: done: 0.016 sec
2019-12-27T13:58:05.009Z 80362 TID-owm1ovun6 HardWorker JID-8700a8f1f00af43d06452b6c INFO: start
"Hello World!"
2019-12-27T13:58:05.026Z 80362 TID-owm1ovun6 HardWorker JID-8700a8f1f00af43d06452b6c INFO: done: 0.017 sec
2019-12-27T13:59:08.328Z 80362 TID-owm1ovt7i HardWorker JID-4414d0e48b480f9ae7326be6 INFO: start
"Hello World!"
2019-12-27T13:59:08.343Z 80362 TID-owm1ovt7i HardWorker JID-4414d0e48b480f9ae7326be6 INFO: done: 0.015 sec
2019-12-27T14:00:26.228Z 80362 TID-owm1ovt16 HardWorker JID-25ad082e287e2626722387a5 INFO: start
"Hello World!"
2019-12-27T14:00:26.261Z 80362 TID-owm1ovt16 HardWorker JID-25ad082e287e2626722387a5 INFO: done: 0.033 sec
2019-12-27T14:01:01.511Z 80362 TID-owm1ovvlu HardWorker JID-e4f285b202ab098be13b8cf9 INFO: start
"Hello World!"
2019-12-27T14:01:01.539Z 80362 TID-owm1ovvlu HardWorker JID-e4f285b202ab098be13b8cf9 INFO: done: 0.027 sec
2019-12-27T14:02:11.953Z 80362 TID-owm1ovvlu HardWorker JID-34b11174a84a68a8c7c96138 INFO: start
"Hello World!"
2019-12-27T14:02:11.969Z 80362 TID-owm1ovvlu HardWorker JID-34b11174a84a68a8c7c96138 INFO: done: 0.016 sec
2019-12-27T14:03:09.038Z 80362 TID-owm1ovv22 HardWorker JID-7e24864b46b631c858f2cf10 INFO: start
"Hello World!"
2019-12-27T14:03:09.055Z 80362 TID-owm1ovv22 HardWorker JID-7e24864b46b631c858f2cf10 INFO: done: 0.017 sec
2019-12-27T14:04:16.498Z 80362 TID-owm1ovun6 HardWorker JID-06e5f8bbbfc8f709153ccd67 INFO: start
"Hello World!"
2019-12-27T14:04:16.515Z 80362 TID-owm1ovun6 HardWorker JID-06e5f8bbbfc8f709153ccd67 INFO: done: 0.017 sec
2019-12-27T14:05:26.536Z 80362 TID-owm1ovv22 HardWorker JID-0db2bb622ac94b174c56ec7e INFO: start
"Hello World!"
2019-12-27T14:05:26.552Z 80362 TID-owm1ovv22 HardWorker JID-0db2bb622ac94b174c56ec7e INFO: done: 0.016 sec
2019-12-27T14:06:02.930Z 80362 TID-owm1ovv22 HardWorker JID-d8c726b2cbb559901aaae426 INFO: start
"Hello World!"
2019-12-27T14:06:02.947Z 80362 TID-owm1ovv22 HardWorker JID-d8c726b2cbb559901aaae426 INFO: done: 0.017 sec
2019-12-27T14:07:19.399Z 80362 TID-owm1ovt7i HardWorker JID-b131c90920ee4bef800b99b6 INFO: start
"Hello World!"
2019-12-27T14:07:19.417Z 80362 TID-owm1ovt7i HardWorker JID-b131c90920ee4bef800b99b6 INFO: done: 0.018 sec
2019-12-27T14:08:21.550Z 80362 TID-owm1ovt7i HardWorker JID-8b3ff47158d3959e00bb564a INFO: start
"Hello World!"
2019-12-27T14:08:21.568Z 80362 TID-owm1ovt7i HardWorker JID-8b3ff47158d3959e00bb564a INFO: done: 0.018 sec
2019-12-27T14:09:02.687Z 80362 TID-owm1ovun6 HardWorker JID-6c50d8814e731eea48760c6e INFO: start
"Hello World!"
2019-12-27T14:09:02.729Z 80362 TID-owm1ovun6 HardWorker JID-6c50d8814e731eea48760c6e INFO: done: 0.042 sec
2019-12-27T14:10:12.330Z 80362 TID-owm1ovv9m HardWorker JID-b3dd7f0baa93ffbb2cd336d6 INFO: start
"Hello World!"
2019-12-27T14:10:12.346Z 80362 TID-owm1ovv9m HardWorker JID-b3dd7f0baa93ffbb2cd336d6 INFO: done: 0.016 sec
2019-12-27T14:11:15.485Z 80362 TID-owm1ovv22 HardWorker JID-75850f303cf91024b8a10178 INFO: start
"Hello World!"
2019-12-27T14:11:15.494Z 80362 TID-owm1ovv22 HardWorker JID-75850f303cf91024b8a10178 INFO: done: 0.009 sec
2019-12-27T14:12:16.592Z 80362 TID-owm1ovt7i HardWorker JID-a42e103a9b8494526e74c9ed INFO: start
"Hello World!"
2019-12-27T14:12:16.609Z 80362 TID-owm1ovt7i HardWorker JID-a42e103a9b8494526e74c9ed INFO: done: 0.017 sec
2019-12-27T14:13:14.294Z 80362 TID-owm1ovvlu HardWorker JID-ade520682cc1b30862723190 INFO: start
"Hello World!"
2019-12-27T14:13:14.310Z 80362 TID-owm1ovvlu HardWorker JID-ade520682cc1b30862723190 INFO: done: 0.016 sec
2019-12-27T14:14:14.171Z 80362 TID-owm1ovv9m HardWorker JID-3de97ae5c654d75789e2d703 INFO: start
"Hello World!"
2019-12-27T14:14:14.188Z 80362 TID-owm1ovv9m HardWorker JID-3de97ae5c654d75789e2d703 INFO: done: 0.017 sec
2019-12-27T14:15:35.508Z 80362 TID-owm1ovun6 HardWorker JID-8ae9ce711bd7686133af334d INFO: start
"Hello World!"
2019-12-27T14:15:35.526Z 80362 TID-owm1ovun6 HardWorker JID-8ae9ce711bd7686133af334d INFO: done: 0.018 sec
2019-12-27T14:16:14.716Z 80362 TID-owm1ovv9m HardWorker JID-97cd5c895fd25faedd0ea8a6 INFO: start
"Hello World!"
2019-12-27T14:16:14.736Z 80362 TID-owm1ovv9m HardWorker JID-97cd5c895fd25faedd0ea8a6 INFO: done: 0.02 sec
2019-12-27T14:17:03.071Z 80362 TID-owm1ovt16 HardWorker JID-0cfd5c728e3ac1a186b57ec6 INFO: start
"Hello World!"
2019-12-27T14:17:03.089Z 80362 TID-owm1ovt16 HardWorker JID-0cfd5c728e3ac1a186b57ec6 INFO: done: 0.018 sec
2019-12-27T14:18:29.815Z 80362 TID-owm1ovt7i HardWorker JID-40365d487714674df87787e3 INFO: start
"Hello World!"
2019-12-27T14:18:29.928Z 80362 TID-owm1ovt7i HardWorker JID-40365d487714674df87787e3 INFO: done: 0.113 sec
2019-12-27T14:19:25.845Z 80362 TID-owm1ovt7i HardWorker JID-52c163a247ff8b1bb1004569 INFO: start
"Hello World!"
2019-12-27T14:19:25.863Z 80362 TID-owm1ovt7i HardWorker JID-52c163a247ff8b1bb1004569 INFO: done: 0.017 sec
2019-12-27T14:20:01.269Z 80362 TID-owm1ovv7u HardWorker JID-bb3047ef3c8de60c15dc6d4b INFO: start
"Hello World!"
2019-12-27T14:20:01.280Z 80362 TID-owm1ovv7u HardWorker JID-bb3047ef3c8de60c15dc6d4b INFO: done: 0.011 sec
2019-12-27T14:21:10.877Z 80362 TID-owm1ovvfy HardWorker JID-211a2fe3636009d806e01583 INFO: start
"Hello World!"
2019-12-27T14:21:10.888Z 80362 TID-owm1ovvfy HardWorker JID-211a2fe3636009d806e01583 INFO: done: 0.011 sec
2019-12-27T14:22:22.526Z 80362 TID-owm1ovt7i HardWorker JID-8a88ff561a0a72ce66121ddc INFO: start
"Hello World!"
2019-12-27T14:22:22.543Z 80362 TID-owm1ovt7i HardWorker JID-8a88ff561a0a72ce66121ddc INFO: done: 0.017 sec
2019-12-27T14:23:01.531Z 80362 TID-owm1ovun6 HardWorker JID-ae33b5a5ac3a571821acdb27 INFO: start
"Hello World!"
2019-12-27T14:23:01.547Z 80362 TID-owm1ovun6 HardWorker JID-ae33b5a5ac3a571821acdb27 INFO: done: 0.017 sec
2019-12-27T14:24:24.860Z 80362 TID-owm1ovvfy HardWorker JID-3e211869f8f5b0a206304722 INFO: start
"Hello World!"
2019-12-27T14:24:24.876Z 80362 TID-owm1ovvfy HardWorker JID-3e211869f8f5b0a206304722 INFO: done: 0.016 sec
2019-12-27T14:25:06.986Z 80362 TID-owm1ovv9m HardWorker JID-752fbc43d97a542e7e70722e INFO: start
"Hello World!"
2019-12-27T14:25:06.996Z 80362 TID-owm1ovv9m HardWorker JID-752fbc43d97a542e7e70722e INFO: done: 0.01 sec
2019-12-27T14:26:07.965Z 80362 TID-owm1ovv7u HardWorker JID-7f59c5353a884f97263caeaf INFO: start
"Hello World!"
2019-12-27T14:26:07.981Z 80362 TID-owm1ovv7u HardWorker JID-7f59c5353a884f97263caeaf INFO: done: 0.016 sec
2019-12-27T14:27:31.938Z 80362 TID-owm1ovv9m HardWorker JID-99623a03015fe76ecd25dcdc INFO: start
"Hello World!"
2019-12-27T14:27:31.954Z 80362 TID-owm1ovv9m HardWorker JID-99623a03015fe76ecd25dcdc INFO: done: 0.016 sec
2019-12-27T14:28:27.695Z 80362 TID-owm1ovv9m HardWorker JID-79c3d2879488d79451f8e535 INFO: start
"Hello World!"
2019-12-27T14:28:27.714Z 80362 TID-owm1ovv9m HardWorker JID-79c3d2879488d79451f8e535 INFO: done: 0.019 sec
2019-12-27T14:29:34.656Z 80362 TID-owm1ovt7i HardWorker JID-7c2b6b209f446212e6b75e5b INFO: start
"Hello World!"
2019-12-27T14:29:34.675Z 80362 TID-owm1ovt7i HardWorker JID-7c2b6b209f446212e6b75e5b INFO: done: 0.019 sec
2019-12-27T14:30:18.163Z 80362 TID-owm1ovv7u HardWorker JID-e65c026c54432c02a9ad996b INFO: start
"Hello World!"
2019-12-27T14:30:18.181Z 80362 TID-owm1ovv7u HardWorker JID-e65c026c54432c02a9ad996b INFO: done: 0.019 sec
2019-12-27T14:31:17.215Z 80362 TID-owm1ovvfy HardWorker JID-7a9c02e1bc43fde83f2dc273 INFO: start
"Hello World!"
2019-12-27T14:31:17.232Z 80362 TID-owm1ovvfy HardWorker JID-7a9c02e1bc43fde83f2dc273 INFO: done: 0.018 sec
2019-12-27T14:32:15.349Z 80362 TID-owm1ovvfy HardWorker JID-50fb74c135203069e13624df INFO: start
"Hello World!"
2019-12-27T14:32:15.376Z 80362 TID-owm1ovvfy HardWorker JID-50fb74c135203069e13624df INFO: done: 0.027 sec
2019-12-27T14:33:40.601Z 80362 TID-owm1ovt7i HardWorker JID-a1278d2e8bf3ef85b3ed641f INFO: start
"Hello World!"
2019-12-27T14:33:40.624Z 80362 TID-owm1ovt7i HardWorker JID-a1278d2e8bf3ef85b3ed641f INFO: done: 0.024 sec
2019-12-27T14:34:11.256Z 80362 TID-owm1ovv7u HardWorker JID-72725afe75c9bb438c2d0609 INFO: start
"Hello World!"
2019-12-27T14:34:11.270Z 80362 TID-owm1ovv7u HardWorker JID-72725afe75c9bb438c2d0609 INFO: done: 0.014 sec
2019-12-27T14:35:26.145Z 80362 TID-owm1ovvx2 HardWorker JID-36d547f3f954bf4f5c63c464 INFO: start
"Hello World!"
2019-12-27T14:35:26.160Z 80362 TID-owm1ovvx2 HardWorker JID-36d547f3f954bf4f5c63c464 INFO: done: 0.014 sec
2019-12-27T14:36:04.578Z 80362 TID-owm1ovvx2 HardWorker JID-5987fee1894b6522408e03f1 INFO: start
"Hello World!"
2019-12-27T14:36:04.591Z 80362 TID-owm1ovvx2 HardWorker JID-5987fee1894b6522408e03f1 INFO: done: 0.012 sec
2019-12-27T14:37:24.582Z 80362 TID-owm1ovvqq HardWorker JID-5cbbe9b98427f1cecfe580b7 INFO: start
"Hello World!"
2019-12-27T14:37:24.598Z 80362 TID-owm1ovvqq HardWorker JID-5cbbe9b98427f1cecfe580b7 INFO: done: 0.015 sec
2019-12-27T14:38:20.433Z 80362 TID-owm1ovvfy HardWorker JID-95e3ec3b75e6dec734452b16 INFO: start
"Hello World!"
2019-12-27T14:38:20.452Z 80362 TID-owm1ovvfy HardWorker JID-95e3ec3b75e6dec734452b16 INFO: done: 0.019 sec
2019-12-27T14:39:16.456Z 80362 TID-owm1ovvx2 HardWorker JID-8e8d64219d27101047112627 INFO: start
"Hello World!"
2019-12-27T14:39:16.473Z 80362 TID-owm1ovvx2 HardWorker JID-8e8d64219d27101047112627 INFO: done: 0.017 sec
2019-12-27T14:40:13.648Z 80362 TID-owm1ovv9m HardWorker JID-f9e25a81be13951220c5c536 INFO: start
"Hello World!"
2019-12-27T14:40:13.656Z 80362 TID-owm1ovv9m HardWorker JID-f9e25a81be13951220c5c536 INFO: done: 0.008 sec
2019-12-27T14:41:12.583Z 80362 TID-owm1ovvx2 HardWorker JID-48ef313c462a463f8d8b1be5 INFO: start
"Hello World!"
2019-12-27T14:41:12.594Z 80362 TID-owm1ovvx2 HardWorker JID-48ef313c462a463f8d8b1be5 INFO: done: 0.011 sec
2019-12-27T14:42:18.041Z 80362 TID-owm1ovvfy HardWorker JID-09c9121c77ba7be3c35c90f4 INFO: start
"Hello World!"
2019-12-27T14:42:18.058Z 80362 TID-owm1ovvfy HardWorker JID-09c9121c77ba7be3c35c90f4 INFO: done: 0.016 sec
2019-12-27T14:43:08.924Z 80362 TID-owm1ovt16 HardWorker JID-562627af5ab52008809373db INFO: start
"Hello World!"
2019-12-27T14:43:08.940Z 80362 TID-owm1ovt16 HardWorker JID-562627af5ab52008809373db INFO: done: 0.016 sec
2019-12-27T14:44:37.908Z 80362 TID-owm1ovun6 HardWorker JID-5110a93d36f383d36eedb808 INFO: start
"Hello World!"
2019-12-27T14:44:37.925Z 80362 TID-owm1ovun6 HardWorker JID-5110a93d36f383d36eedb808 INFO: done: 0.017 sec
2019-12-27T14:45:17.042Z 80362 TID-owm1ovvqq HardWorker JID-423d5a1a787f557a4c951324 INFO: start
"Hello World!"
2019-12-27T14:45:17.051Z 80362 TID-owm1ovvqq HardWorker JID-423d5a1a787f557a4c951324 INFO: done: 0.009 sec
2019-12-27T14:46:33.024Z 80362 TID-owm1ovv9m HardWorker JID-a3371226093ebb99d87f4f33 INFO: start
"Hello World!"
2019-12-27T14:46:33.032Z 80362 TID-owm1ovv9m HardWorker JID-a3371226093ebb99d87f4f33 INFO: done: 0.008 sec
2019-12-27T14:47:13.992Z 80362 TID-owm1ovt7i HardWorker JID-a8319a26217a127a733aa5b2 INFO: start
"Hello World!"
2019-12-27T14:47:14.001Z 80362 TID-owm1ovt7i HardWorker JID-a8319a26217a127a733aa5b2 INFO: done: 0.009 sec
2019-12-27T14:48:29.983Z 80362 TID-owm1ovv9m HardWorker JID-7d807c1d17d023f39cef3313 INFO: start
"Hello World!"
2019-12-27T14:48:29.991Z 80362 TID-owm1ovv9m HardWorker JID-7d807c1d17d023f39cef3313 INFO: done: 0.008 sec
2019-12-27T14:49:07.286Z 80362 TID-owm1ovvqq HardWorker JID-53c962d5fa7f2d6a18cd8ea7 INFO: start
"Hello World!"
2019-12-27T14:49:07.304Z 80362 TID-owm1ovvqq HardWorker JID-53c962d5fa7f2d6a18cd8ea7 INFO: done: 0.018 sec
2019-12-27T14:50:07.164Z 80362 TID-owm1ovv9m HardWorker JID-615765700e2ec25fe9898126 INFO: start
"Hello World!"
2019-12-27T14:50:07.172Z 80362 TID-owm1ovv9m HardWorker JID-615765700e2ec25fe9898126 INFO: done: 0.008 sec
2019-12-27T14:51:24.563Z 80362 TID-owm1ovt7i HardWorker JID-333f618486845fa1bb29f48f INFO: start
"Hello World!"
2019-12-27T14:51:24.571Z 80362 TID-owm1ovt7i HardWorker JID-333f618486845fa1bb29f48f INFO: done: 0.008 sec
2019-12-27T14:52:24.395Z 80362 TID-owm1ovvfy HardWorker JID-b4a975cb329fa2bb080ad02b INFO: start
"Hello World!"
2019-12-27T14:52:24.411Z 80362 TID-owm1ovvfy HardWorker JID-b4a975cb329fa2bb080ad02b INFO: done: 0.015 sec
2019-12-27T14:53:25.719Z 80362 TID-owm1ovvfy HardWorker JID-76114c0ba5309f66a771c7e9 INFO: start
"Hello World!"
2019-12-27T14:53:25.736Z 80362 TID-owm1ovvfy HardWorker JID-76114c0ba5309f66a771c7e9 INFO: done: 0.017 sec
2019-12-27T14:54:26.120Z 80362 TID-owm1ovt7i HardWorker JID-b86e7f35cf8780b89e6e76c4 INFO: start
"Hello World!"
2019-12-27T14:54:26.140Z 80362 TID-owm1ovt7i HardWorker JID-b86e7f35cf8780b89e6e76c4 INFO: done: 0.02 sec
2019-12-27T14:55:25.614Z 80362 TID-owm1ovvx2 HardWorker JID-442eed4036de22d1addc8683 INFO: start
"Hello World!"
2019-12-27T14:55:25.623Z 80362 TID-owm1ovvx2 HardWorker JID-442eed4036de22d1addc8683 INFO: done: 0.009 sec
2019-12-27T14:56:37.481Z 80362 TID-owm1ovvx2 HardWorker JID-af514ee52c0c5bd8d3e9e3d6 INFO: start
"Hello World!"
2019-12-27T14:56:37.489Z 80362 TID-owm1ovvx2 HardWorker JID-af514ee52c0c5bd8d3e9e3d6 INFO: done: 0.008 sec
2019-12-27T14:57:20.423Z 80362 TID-owm1ovvx2 HardWorker JID-0ed8413c3c25e9d3822819e9 INFO: start
"Hello World!"
2019-12-27T14:57:20.433Z 80362 TID-owm1ovvx2 HardWorker JID-0ed8413c3c25e9d3822819e9 INFO: done: 0.009 sec
2019-12-27T14:58:17.638Z 80362 TID-owm1ovvx2 HardWorker JID-4dafdf79d86d942dcfe6cbc9 INFO: start
"Hello World!"
2019-12-27T14:58:17.646Z 80362 TID-owm1ovvx2 HardWorker JID-4dafdf79d86d942dcfe6cbc9 INFO: done: 0.008 sec
2019-12-27T14:59:07.902Z 80362 TID-owm1ovv7u HardWorker JID-f219a7d355d6879b61b0ecc1 INFO: start
"Hello World!"
2019-12-27T14:59:07.924Z 80362 TID-owm1ovv7u HardWorker JID-f219a7d355d6879b61b0ecc1 INFO: done: 0.022 sec
2019-12-27T15:00:14.516Z 80362 TID-owm1ovvqq HardWorker JID-1e09389c8d6dfbd53f7dc3b1 INFO: start
"Hello World!"
2019-12-27T15:00:14.534Z 80362 TID-owm1ovvqq HardWorker JID-1e09389c8d6dfbd53f7dc3b1 INFO: done: 0.018 sec
2019-12-27T18:01:39.867Z 80362 TID-owm1ovvx2 HardWorker JID-ead1b9c4f3d00306952ebeb0 INFO: start
"Hello World!"
2019-12-27T18:01:39.894Z 80362 TID-owm1ovvx2 HardWorker JID-ead1b9c4f3d00306952ebeb0 INFO: done: 0.027 sec
